{"/home/travis/build/npmtest/node-npmtest-csswring/test.js":{"path":"/home/travis/build/npmtest/node-npmtest-csswring/test.js","s":{"1":2,"2":2,"3":2,"4":2,"5":2,"6":2,"7":2,"8":1,"9":2,"10":2,"11":1,"12":1,"13":1,"14":1,"15":2,"16":2,"17":2,"18":2,"19":1,"20":1,"21":2,"22":2,"23":2,"24":1,"25":1,"26":1,"27":1,"28":1,"29":1,"30":1,"31":1,"32":1,"33":1,"34":1,"35":1,"36":1,"37":1,"38":1,"39":2,"40":2,"41":1,"42":2,"43":2,"44":1,"45":2,"46":2,"47":1,"48":2,"49":2,"50":1,"51":1,"52":1,"53":1,"54":1},"b":{"1":[2,1,1,1],"2":[1,1,1,1],"3":[1,1],"4":[1,1],"5":[1,1],"6":[1,1],"7":[1,1],"8":[1,1],"9":[1,1],"10":[1,1,1],"11":[1,1],"12":[1,1],"13":[1,1],"14":[1,1],"15":[1,1],"16":[1,1],"17":[1,1]},"f":{"1":2,"2":2,"3":2,"4":2,"5":2,"6":1,"7":1,"8":1,"9":2,"10":2,"11":2,"12":2,"13":1},"fnMap":{"1":{"name":"(anonymous_1)","line":12,"loc":{"start":{"line":12,"column":1},"end":{"line":12,"column":13}}},"2":{"name":"(anonymous_2)","line":19,"loc":{"start":{"line":19,"column":5},"end":{"line":19,"column":17}}},"3":{"name":"(anonymous_3)","line":23,"loc":{"start":{"line":23,"column":24},"end":{"line":23,"column":36}}},"4":{"name":"(anonymous_4)","line":61,"loc":{"start":{"line":61,"column":5},"end":{"line":61,"column":17}}},"5":{"name":"(anonymous_5)","line":82,"loc":{"start":{"line":82,"column":5},"end":{"line":82,"column":17}}},"6":{"name":"(anonymous_6)","line":91,"loc":{"start":{"line":91,"column":77},"end":{"line":94,"column":10}}},"7":{"name":"(anonymous_7)","line":112,"loc":{"start":{"line":112,"column":83},"end":{"line":115,"column":10}},"skip":true},"8":{"name":"(anonymous_8)","line":123,"loc":{"start":{"line":123,"column":77},"end":{"line":126,"column":10}},"skip":true},"9":{"name":"(anonymous_9)","line":139,"loc":{"start":{"line":139,"column":12},"end":{"line":139,"column":40}},"skip":true},"10":{"name":"(anonymous_10)","line":147,"loc":{"start":{"line":147,"column":77},"end":{"line":150,"column":10}},"skip":true},"11":{"name":"(anonymous_11)","line":158,"loc":{"start":{"line":158,"column":83},"end":{"line":161,"column":10}},"skip":true},"12":{"name":"(anonymous_12)","line":169,"loc":{"start":{"line":169,"column":79},"end":{"line":172,"column":10}},"skip":true},"13":{"name":"(anonymous_13)","line":180,"loc":{"start":{"line":180,"column":75},"end":{"line":183,"column":10}},"skip":true}},"statementMap":{"1":{"start":{"line":12,"column":0},"end":{"line":195,"column":5}},"2":{"start":{"line":14,"column":4},"end":{"line":14,"column":14}},"3":{"start":{"line":19,"column":4},"end":{"line":56,"column":9}},"4":{"start":{"line":21,"column":8},"end":{"line":21,"column":19}},"5":{"start":{"line":23,"column":8},"end":{"line":35,"column":13}},"6":{"start":{"line":24,"column":12},"end":{"line":34,"column":13}},"7":{"start":{"line":25,"column":16},"end":{"line":28,"column":30}},"8":{"start":{"line":30,"column":16},"end":{"line":33,"column":27}},"9":{"start":{"line":37,"column":8},"end":{"line":39,"column":21}},"10":{"start":{"line":40,"column":8},"end":{"line":53,"column":9}},"11":{"start":{"line":43,"column":12},"end":{"line":46,"column":14}},"12":{"start":{"line":47,"column":12},"end":{"line":47,"column":18}},"13":{"start":{"line":50,"column":12},"end":{"line":51,"column":46}},"14":{"start":{"line":52,"column":12},"end":{"line":52,"column":18}},"15":{"start":{"line":55,"column":8},"end":{"line":55,"column":35}},"16":{"start":{"line":61,"column":4},"end":{"line":63,"column":9}},"17":{"start":{"line":62,"column":8},"end":{"line":62,"column":15}},"18":{"start":{"line":64,"column":4},"end":{"line":77,"column":5}},"19":{"start":{"line":70,"column":8},"end":{"line":70,"column":14}},"20":{"start":{"line":76,"column":8},"end":{"line":76,"column":14}},"21":{"start":{"line":82,"column":4},"end":{"line":84,"column":9}},"22":{"start":{"line":83,"column":8},"end":{"line":83,"column":15}},"23":{"start":{"line":85,"column":4},"end":{"line":194,"column":5}},"24":{"start":{"line":91,"column":8},"end":{"line":99,"column":10}},"25":{"start":{"line":98,"column":12},"end":{"line":98,"column":35}},"26":{"start":{"line":102,"column":8},"end":{"line":104,"column":63}},"27":{"start":{"line":105,"column":8},"end":{"line":105,"column":14}},"28":{"start":{"line":112,"column":8},"end":{"line":121,"column":10},"skip":true},"29":{"start":{"line":119,"column":12},"end":{"line":119,"column":55},"skip":true},"30":{"start":{"line":120,"column":12},"end":{"line":120,"column":48},"skip":true},"31":{"start":{"line":123,"column":8},"end":{"line":136,"column":10},"skip":true},"32":{"start":{"line":130,"column":12},"end":{"line":130,"column":76},"skip":true},"33":{"start":{"line":131,"column":12},"end":{"line":131,"column":73},"skip":true},"34":{"start":{"line":132,"column":12},"end":{"line":132,"column":74},"skip":true},"35":{"start":{"line":133,"column":12},"end":{"line":133,"column":79},"skip":true},"36":{"start":{"line":134,"column":12},"end":{"line":134,"column":25},"skip":true},"37":{"start":{"line":135,"column":12},"end":{"line":135,"column":45},"skip":true},"38":{"start":{"line":138,"column":8},"end":{"line":145,"column":14},"skip":true},"39":{"start":{"line":143,"column":16},"end":{"line":143,"column":29},"skip":true},"40":{"start":{"line":144,"column":16},"end":{"line":144,"column":55},"skip":true},"41":{"start":{"line":147,"column":8},"end":{"line":156,"column":10},"skip":true},"42":{"start":{"line":154,"column":12},"end":{"line":154,"column":25},"skip":true},"43":{"start":{"line":155,"column":12},"end":{"line":155,"column":45},"skip":true},"44":{"start":{"line":158,"column":8},"end":{"line":167,"column":10},"skip":true},"45":{"start":{"line":165,"column":12},"end":{"line":165,"column":25},"skip":true},"46":{"start":{"line":166,"column":12},"end":{"line":166,"column":48},"skip":true},"47":{"start":{"line":169,"column":8},"end":{"line":178,"column":10},"skip":true},"48":{"start":{"line":176,"column":12},"end":{"line":176,"column":25},"skip":true},"49":{"start":{"line":177,"column":12},"end":{"line":177,"column":46},"skip":true},"50":{"start":{"line":180,"column":8},"end":{"line":189,"column":10},"skip":true},"51":{"start":{"line":187,"column":12},"end":{"line":187,"column":94},"skip":true},"52":{"start":{"line":188,"column":12},"end":{"line":188,"column":48},"skip":true},"53":{"start":{"line":192,"column":8},"end":{"line":192,"column":35},"skip":true},"54":{"start":{"line":193,"column":8},"end":{"line":193,"column":14},"skip":true}},"branchMap":{"1":{"line":25,"type":"binary-expr","locations":[{"start":{"line":25,"column":23},"end":{"line":25,"column":62}},{"start":{"line":26,"column":20},"end":{"line":26,"column":70}},{"start":{"line":27,"column":20},"end":{"line":27,"column":71}},{"start":{"line":28,"column":20},"end":{"line":28,"column":29}}]},"2":{"line":30,"type":"binary-expr","locations":[{"start":{"line":30,"column":23},"end":{"line":30,"column":37}},{"start":{"line":31,"column":20},"end":{"line":31,"column":61}},{"start":{"line":32,"column":20},"end":{"line":32,"column":70}},{"start":{"line":33,"column":20},"end":{"line":33,"column":26}}]},"3":{"line":37,"type":"cond-expr","locations":[{"start":{"line":38,"column":14},"end":{"line":38,"column":20}},{"start":{"line":39,"column":14},"end":{"line":39,"column":20}}]},"4":{"line":40,"type":"switch","locations":[{"start":{"line":42,"column":8},"end":{"line":47,"column":18}},{"start":{"line":49,"column":8},"end":{"line":52,"column":18}}]},"5":{"line":44,"type":"binary-expr","locations":[{"start":{"line":44,"column":16},"end":{"line":44,"column":44}},{"start":{"line":44,"column":48},"end":{"line":44,"column":66}}]},"6":{"line":50,"type":"binary-expr","locations":[{"start":{"line":50,"column":21},"end":{"line":50,"column":49}},{"start":{"line":50,"column":53},"end":{"line":50,"column":72}}]},"7":{"line":64,"type":"switch","locations":[{"start":{"line":69,"column":4},"end":{"line":70,"column":14}},{"start":{"line":75,"column":4},"end":{"line":76,"column":14}}]},"8":{"line":85,"type":"switch","locations":[{"start":{"line":90,"column":4},"end":{"line":105,"column":14}},{"start":{"line":111,"column":4},"end":{"line":193,"column":14},"skip":true}]},"9":{"line":91,"type":"binary-expr","locations":[{"start":{"line":91,"column":42},"end":{"line":91,"column":73}},{"start":{"line":91,"column":77},"end":{"line":99,"column":9}}]},"10":{"line":102,"type":"binary-expr","locations":[{"start":{"line":102,"column":18},"end":{"line":102,"column":32}},{"start":{"line":103,"column":12},"end":{"line":103,"column":53}},{"start":{"line":104,"column":12},"end":{"line":104,"column":61}}]},"11":{"line":112,"type":"binary-expr","locations":[{"start":{"line":112,"column":45},"end":{"line":112,"column":79},"skip":true},{"start":{"line":112,"column":83},"end":{"line":121,"column":9},"skip":true}]},"12":{"line":123,"type":"binary-expr","locations":[{"start":{"line":123,"column":42},"end":{"line":123,"column":73},"skip":true},{"start":{"line":123,"column":77},"end":{"line":136,"column":9},"skip":true}]},"13":{"line":138,"type":"binary-expr","locations":[{"start":{"line":138,"column":48},"end":{"line":138,"column":85},"skip":true},{"start":{"line":139,"column":12},"end":{"line":145,"column":13},"skip":true}]},"14":{"line":147,"type":"binary-expr","locations":[{"start":{"line":147,"column":42},"end":{"line":147,"column":73},"skip":true},{"start":{"line":147,"column":77},"end":{"line":156,"column":9},"skip":true}]},"15":{"line":158,"type":"binary-expr","locations":[{"start":{"line":158,"column":45},"end":{"line":158,"column":79},"skip":true},{"start":{"line":158,"column":83},"end":{"line":167,"column":9},"skip":true}]},"16":{"line":169,"type":"binary-expr","locations":[{"start":{"line":169,"column":43},"end":{"line":169,"column":75},"skip":true},{"start":{"line":169,"column":79},"end":{"line":178,"column":9},"skip":true}]},"17":{"line":180,"type":"binary-expr","locations":[{"start":{"line":180,"column":41},"end":{"line":180,"column":71},"skip":true},{"start":{"line":180,"column":75},"end":{"line":189,"column":9},"skip":true}]}},"code":["/* istanbul instrument in package npmtest_csswring */","/*jslint","    bitwise: true,","    browser: true,","    maxerr: 8,","    maxlen: 96,","    node: true,","    nomen: true,","    regexp: true,","    stupid: true","*/","(function () {","    'use strict';","    var local;","","","","    // run shared js-env code - pre-init","    (function () {","        // init local","        local = {};","        // init modeJs","        local.modeJs = (function () {","            try {","                return typeof navigator.userAgent === 'string' &&","                    typeof document.querySelector('body') === 'object' &&","                    typeof XMLHttpRequest.prototype.open === 'function' &&","                    'browser';","            } catch (errorCaughtBrowser) {","                return module.exports &&","                    typeof process.versions.node === 'string' &&","                    typeof require('http').createServer === 'function' &&","                    'node';","            }","        }());","        // init global","        local.global = local.modeJs === 'browser'","            ? window","            : global;","        switch (local.modeJs) {","        // re-init local from window.local","        case 'browser':","            local = local.global.utility2.objectSetDefault(","                local.global.utility2_rollup || local.global.local,","                local.global.utility2","            );","            break;","        // re-init local from example.js","        case 'node':","            local = (local.global.utility2_rollup || require('utility2'))","                .requireExampleJsFromReadme();","            break;","        }","        // export local","        local.global.local = local;","    }());","","","","    // run shared js-env code - function","    (function () {","        return;","    }());","    switch (local.modeJs) {","","","","    // run browser js-env code - function","    case 'browser':","        break;","","","","    // run node js-env code - function","    case 'node':","        break;","    }","","","","    // run shared js-env code - post-init","    (function () {","        return;","    }());","    switch (local.modeJs) {","","","","    // run browser js-env code - post-init","    case 'browser':","        local.testCase_browser_nullCase = local.testCase_browser_nullCase || function (","            options,","            onError","        ) {","        /*","         * this function will test browsers's null-case handling-behavior-behavior","         */","            onError(null, options);","        };","","        // run tests","        local.nop(local.modeTest &&","            document.querySelector('#testRunButton1') &&","            document.querySelector('#testRunButton1').click());","        break;","","","","    // run node js-env code - post-init","    /* istanbul ignore next */","    case 'node':","        local.testCase_buildApidoc_default = local.testCase_buildApidoc_default || function (","            options,","            onError","        ) {","        /*","         * this function will test buildApidoc's default handling-behavior-behavior","         */","            options = { modulePathList: module.paths };","            local.buildApidoc(options, onError);","        };","","        local.testCase_buildApp_default = local.testCase_buildApp_default || function (","            options,","            onError","        ) {","        /*","         * this function will test buildApp's default handling-behavior-behavior","         */","            local.testCase_buildReadme_default(options, local.onErrorThrow);","            local.testCase_buildLib_default(options, local.onErrorThrow);","            local.testCase_buildTest_default(options, local.onErrorThrow);","            local.testCase_buildCustomOrg_default(options, local.onErrorThrow);","            options = [];","            local.buildApp(options, onError);","        };","","        local.testCase_buildCustomOrg_default = local.testCase_buildCustomOrg_default ||","            function (options, onError) {","            /*","             * this function will test buildCustomOrg's default handling-behavior","             */","                options = {};","                local.buildCustomOrg(options, onError);","            };","","        local.testCase_buildLib_default = local.testCase_buildLib_default || function (","            options,","            onError","        ) {","        /*","         * this function will test buildLib's default handling-behavior","         */","            options = {};","            local.buildLib(options, onError);","        };","","        local.testCase_buildReadme_default = local.testCase_buildReadme_default || function (","            options,","            onError","        ) {","        /*","         * this function will test buildReadme's default handling-behavior-behavior","         */","            options = {};","            local.buildReadme(options, onError);","        };","","        local.testCase_buildTest_default = local.testCase_buildTest_default || function (","            options,","            onError","        ) {","        /*","         * this function will test buildTest's default handling-behavior","         */","            options = {};","            local.buildTest(options, onError);","        };","","        local.testCase_webpage_default = local.testCase_webpage_default || function (","            options,","            onError","        ) {","        /*","         * this function will test webpage's default handling-behavior","         */","            options = { modeCoverageMerge: true, url: local.serverLocalHost + '?modeTest=1' };","            local.browserTest(options, onError);","        };","","        // run test-server","        local.testRunServer(local);","        break;","    }","}());",""],"l":{"12":2,"14":2,"19":2,"21":2,"23":2,"24":2,"25":2,"30":1,"37":2,"40":2,"43":1,"47":1,"50":1,"52":1,"55":2,"61":2,"62":2,"64":2,"70":1,"76":1,"82":2,"83":2,"85":2,"91":1,"98":1,"102":1,"105":1,"112":1,"119":1,"120":1,"123":1,"130":1,"131":1,"132":1,"133":1,"134":1,"135":1,"138":1,"143":2,"144":2,"147":1,"154":2,"155":2,"158":1,"165":2,"166":2,"169":1,"176":2,"177":2,"180":1,"187":1,"188":1,"192":1,"193":1}},"/home/travis/build/npmtest/node-npmtest-csswring/lib.npmtest_csswring.js":{"path":"/home/travis/build/npmtest/node-npmtest-csswring/lib.npmtest_csswring.js","s":{"1":2,"2":2,"3":2,"4":2,"5":2,"6":2,"7":2,"8":1,"9":2,"10":2,"11":2,"12":2,"13":1,"14":1,"15":1,"16":1},"b":{"1":[2,1,1,1],"2":[1,1,1,1],"3":[1,1],"4":[2,2],"5":[1,1]},"f":{"1":2,"2":2,"3":2},"fnMap":{"1":{"name":"(anonymous_1)","line":12,"loc":{"start":{"line":12,"column":1},"end":{"line":12,"column":13}}},"2":{"name":"(anonymous_2)","line":19,"loc":{"start":{"line":19,"column":5},"end":{"line":19,"column":17}}},"3":{"name":"(anonymous_3)","line":23,"loc":{"start":{"line":23,"column":24},"end":{"line":23,"column":36}}}},"statementMap":{"1":{"start":{"line":12,"column":0},"end":{"line":53,"column":5}},"2":{"start":{"line":14,"column":4},"end":{"line":14,"column":14}},"3":{"start":{"line":19,"column":4},"end":{"line":52,"column":9}},"4":{"start":{"line":21,"column":8},"end":{"line":21,"column":19}},"5":{"start":{"line":23,"column":8},"end":{"line":35,"column":13}},"6":{"start":{"line":24,"column":12},"end":{"line":34,"column":13}},"7":{"start":{"line":25,"column":16},"end":{"line":28,"column":30}},"8":{"start":{"line":30,"column":16},"end":{"line":33,"column":27}},"9":{"start":{"line":37,"column":8},"end":{"line":39,"column":21}},"10":{"start":{"line":41,"column":8},"end":{"line":41,"column":54}},"11":{"start":{"line":43,"column":8},"end":{"line":43,"column":53}},"12":{"start":{"line":45,"column":8},"end":{"line":51,"column":9}},"13":{"start":{"line":46,"column":12},"end":{"line":46,"column":59}},"14":{"start":{"line":48,"column":12},"end":{"line":48,"column":35}},"15":{"start":{"line":49,"column":12},"end":{"line":49,"column":49}},"16":{"start":{"line":50,"column":12},"end":{"line":50,"column":43}}},"branchMap":{"1":{"line":25,"type":"binary-expr","locations":[{"start":{"line":25,"column":23},"end":{"line":25,"column":62}},{"start":{"line":26,"column":20},"end":{"line":26,"column":70}},{"start":{"line":27,"column":20},"end":{"line":27,"column":71}},{"start":{"line":28,"column":20},"end":{"line":28,"column":29}}]},"2":{"line":30,"type":"binary-expr","locations":[{"start":{"line":30,"column":23},"end":{"line":30,"column":37}},{"start":{"line":31,"column":20},"end":{"line":31,"column":61}},{"start":{"line":32,"column":20},"end":{"line":32,"column":70}},{"start":{"line":33,"column":20},"end":{"line":33,"column":26}}]},"3":{"line":37,"type":"cond-expr","locations":[{"start":{"line":38,"column":14},"end":{"line":38,"column":20}},{"start":{"line":39,"column":14},"end":{"line":39,"column":20}}]},"4":{"line":41,"type":"binary-expr","locations":[{"start":{"line":41,"column":16},"end":{"line":41,"column":44}},{"start":{"line":41,"column":48},"end":{"line":41,"column":53}}]},"5":{"line":45,"type":"if","locations":[{"start":{"line":45,"column":8},"end":{"line":45,"column":8}},{"start":{"line":45,"column":8},"end":{"line":45,"column":8}}]}},"code":["/* istanbul instrument in package npmtest_csswring */","/*jslint","    bitwise: true,","    browser: true,","    maxerr: 8,","    maxlen: 96,","    node: true,","    nomen: true,","    regexp: true,","    stupid: true","*/","(function () {","    'use strict';","    var local;","","","","    // run shared js-env code - pre-init","    (function () {","        // init local","        local = {};","        // init modeJs","        local.modeJs = (function () {","            try {","                return typeof navigator.userAgent === 'string' &&","                    typeof document.querySelector('body') === 'object' &&","                    typeof XMLHttpRequest.prototype.open === 'function' &&","                    'browser';","            } catch (errorCaughtBrowser) {","                return module.exports &&","                    typeof process.versions.node === 'string' &&","                    typeof require('http').createServer === 'function' &&","                    'node';","            }","        }());","        // init global","        local.global = local.modeJs === 'browser'","            ? window","            : global;","        // init utility2_rollup","        local = local.global.utility2_rollup || local;","        // init lib","        local.local = local.npmtest_csswring = local;","        // init exports","        if (local.modeJs === 'browser') {","            local.global.utility2_npmtest_csswring = local;","        } else {","            module.exports = local;","            module.exports.__dirname = __dirname;","            module.exports.module = module;","        }","    }());","}());",""],"l":{"12":2,"14":2,"19":2,"21":2,"23":2,"24":2,"25":2,"30":1,"37":2,"41":2,"43":2,"45":2,"46":1,"48":1,"49":1,"50":1}},"/home/travis/build/npmtest/node-npmtest-csswring/example.js":{"path":"/home/travis/build/npmtest/node-npmtest-csswring/example.js","s":{"1":2,"2":2,"3":2,"4":2,"5":2,"6":2,"7":2,"8":1,"9":2,"10":2,"11":2,"12":2,"13":1,"14":2,"15":2,"16":2,"17":2,"18":2,"19":0,"20":2,"21":1,"22":1,"23":1,"24":1,"25":1,"26":0,"27":0,"28":1,"29":1,"30":2,"31":0,"32":0,"33":0,"34":1,"35":2,"36":2,"37":3,"38":3,"39":3,"40":3,"41":0,"42":3,"43":3,"44":3,"45":1,"46":3,"47":1,"48":1,"49":1,"50":1,"51":1,"52":1,"53":1,"54":1,"55":1,"56":1,"57":0,"58":1,"59":6,"60":6,"61":1,"62":2,"63":0,"64":2,"65":1,"66":1,"67":0,"68":0,"69":0,"70":0,"71":0,"72":0,"73":0,"74":0,"75":0,"76":0,"77":0,"78":0,"79":0,"80":0,"81":0,"82":0,"83":0},"b":{"1":[2,1,1,1],"2":[1,1,1,1],"3":[1,1],"4":[2,2],"5":[1,1],"6":[1,1],"7":[2,0],"8":[2,1,1,1,1,1],"9":[0,2,0],"10":[1,1],"11":[2,1,1],"12":[1,0],"13":[0,2],"14":[2,0,0,0,0,0,0],"15":[0,3],"16":[3,0],"17":[1,1],"18":[0,1],"19":[1,2,0,2],"20":[1,0],"21":[1,1],"22":[0,0],"23":[0,0],"24":[0,0],"25":[0,0],"26":[0,0],"27":[0,0],"28":[0,0]},"f":{"1":2,"2":2,"3":2,"4":2,"5":2,"6":2,"7":3,"8":3,"9":3,"10":1,"11":6,"12":0},"fnMap":{"1":{"name":"(anonymous_1)","line":26,"loc":{"start":{"line":26,"column":1},"end":{"line":26,"column":13}}},"2":{"name":"(anonymous_2)","line":33,"loc":{"start":{"line":33,"column":5},"end":{"line":33,"column":17}}},"3":{"name":"(anonymous_3)","line":37,"loc":{"start":{"line":37,"column":24},"end":{"line":37,"column":36}}},"4":{"name":"(anonymous_4)","line":69,"loc":{"start":{"line":69,"column":31},"end":{"line":69,"column":48}},"skip":true},"5":{"name":"(anonymous_5)","line":78,"loc":{"start":{"line":78,"column":26},"end":{"line":78,"column":45}},"skip":true},"6":{"name":"(anonymous_6)","line":123,"loc":{"start":{"line":123,"column":33},"end":{"line":123,"column":48}},"skip":true},"7":{"name":"(anonymous_7)","line":125,"loc":{"start":{"line":125,"column":27},"end":{"line":125,"column":39}},"skip":true},"8":{"name":"(anonymous_8)","line":133,"loc":{"start":{"line":133,"column":59},"end":{"line":133,"column":74}},"skip":true},"9":{"name":"(anonymous_9)","line":143,"loc":{"start":{"line":143,"column":45},"end":{"line":143,"column":62}},"skip":true},"10":{"name":"(anonymous_10)","line":144,"loc":{"start":{"line":144,"column":73},"end":{"line":144,"column":92}},"skip":true},"11":{"name":"(anonymous_11)","line":272,"loc":{"start":{"line":272,"column":51},"end":{"line":272,"column":77}},"skip":true},"12":{"name":"(anonymous_12)","line":315,"loc":{"start":{"line":315,"column":32},"end":{"line":315,"column":61}},"skip":true}},"statementMap":{"1":{"start":{"line":26,"column":0},"end":{"line":326,"column":5}},"2":{"start":{"line":28,"column":4},"end":{"line":28,"column":14}},"3":{"start":{"line":33,"column":4},"end":{"line":60,"column":9}},"4":{"start":{"line":35,"column":8},"end":{"line":35,"column":19}},"5":{"start":{"line":37,"column":8},"end":{"line":49,"column":13}},"6":{"start":{"line":38,"column":12},"end":{"line":48,"column":13}},"7":{"start":{"line":39,"column":16},"end":{"line":42,"column":30}},"8":{"start":{"line":44,"column":16},"end":{"line":47,"column":27}},"9":{"start":{"line":51,"column":8},"end":{"line":53,"column":21}},"10":{"start":{"line":55,"column":8},"end":{"line":57,"column":45}},"11":{"start":{"line":59,"column":8},"end":{"line":59,"column":35}},"12":{"start":{"line":61,"column":4},"end":{"line":325,"column":5}},"13":{"start":{"line":69,"column":8},"end":{"line":121,"column":10},"skip":true},"14":{"start":{"line":70,"column":12},"end":{"line":88,"column":13},"skip":true},"15":{"start":{"line":76,"column":16},"end":{"line":87,"column":19},"skip":true},"16":{"start":{"line":79,"column":20},"end":{"line":86,"column":21},"skip":true},"17":{"start":{"line":82,"column":24},"end":{"line":82,"column":43},"skip":true},"18":{"start":{"line":83,"column":24},"end":{"line":83,"column":30},"skip":true},"19":{"start":{"line":85,"column":24},"end":{"line":85,"column":49},"skip":true},"20":{"start":{"line":89,"column":12},"end":{"line":107,"column":13},"skip":true},"21":{"start":{"line":92,"column":16},"end":{"line":102,"column":17},"skip":true},"22":{"start":{"line":93,"column":20},"end":{"line":93,"column":86},"skip":true},"23":{"start":{"line":94,"column":20},"end":{"line":95,"column":45},"skip":true},"24":{"start":{"line":96,"column":20},"end":{"line":96,"column":42},"skip":true},"25":{"start":{"line":97,"column":20},"end":{"line":97,"column":48},"skip":true},"26":{"start":{"line":100,"column":20},"end":{"line":100,"column":85},"skip":true},"27":{"start":{"line":101,"column":20},"end":{"line":101,"column":96},"skip":true},"28":{"start":{"line":103,"column":16},"end":{"line":103,"column":22},"skip":true},"29":{"start":{"line":106,"column":16},"end":{"line":106,"column":22},"skip":true},"30":{"start":{"line":108,"column":12},"end":{"line":120,"column":13},"skip":true},"31":{"start":{"line":114,"column":16},"end":{"line":119,"column":17},"skip":true},"32":{"start":{"line":116,"column":20},"end":{"line":116,"column":78},"skip":true},"33":{"start":{"line":118,"column":20},"end":{"line":118,"column":47},"skip":true},"34":{"start":{"line":123,"column":8},"end":{"line":141,"column":11},"skip":true},"35":{"start":{"line":124,"column":12},"end":{"line":124,"column":54},"skip":true},"36":{"start":{"line":125,"column":12},"end":{"line":140,"column":14},"skip":true},"37":{"start":{"line":126,"column":16},"end":{"line":126,"column":28},"skip":true},"38":{"start":{"line":127,"column":16},"end":{"line":127,"column":69},"skip":true},"39":{"start":{"line":128,"column":16},"end":{"line":128,"column":75},"skip":true},"40":{"start":{"line":129,"column":16},"end":{"line":131,"column":17},"skip":true},"41":{"start":{"line":130,"column":20},"end":{"line":130,"column":27},"skip":true},"42":{"start":{"line":133,"column":16},"end":{"line":137,"column":36},"skip":true},"43":{"start":{"line":134,"column":20},"end":{"line":136,"column":55},"skip":true},"44":{"start":{"line":139,"column":16},"end":{"line":139,"column":57},"skip":true},"45":{"start":{"line":143,"column":8},"end":{"line":147,"column":11},"skip":true},"46":{"start":{"line":144,"column":12},"end":{"line":146,"column":15},"skip":true},"47":{"start":{"line":145,"column":16},"end":{"line":145,"column":70},"skip":true},"48":{"start":{"line":149,"column":8},"end":{"line":149,"column":31},"skip":true},"49":{"start":{"line":150,"column":8},"end":{"line":150,"column":14},"skip":true},"50":{"start":{"line":158,"column":8},"end":{"line":158,"column":31},"skip":true},"51":{"start":{"line":160,"column":8},"end":{"line":160,"column":33},"skip":true},"52":{"start":{"line":161,"column":8},"end":{"line":161,"column":37},"skip":true},"53":{"start":{"line":162,"column":8},"end":{"line":162,"column":35},"skip":true},"54":{"start":{"line":164,"column":8},"end":{"line":164,"column":50},"skip":true},"55":{"start":{"line":166,"column":8},"end":{"line":256,"column":2},"skip":true},"56":{"start":{"line":258,"column":8},"end":{"line":286,"column":9},"skip":true},"57":{"start":{"line":259,"column":12},"end":{"line":269,"column":14},"skip":true},"58":{"start":{"line":271,"column":12},"end":{"line":285,"column":19},"skip":true},"59":{"start":{"line":274,"column":20},"end":{"line":274,"column":35},"skip":true},"60":{"start":{"line":275,"column":20},"end":{"line":284,"column":21},"skip":true},"61":{"start":{"line":277,"column":24},"end":{"line":277,"column":64},"skip":true},"62":{"start":{"line":279,"column":24},"end":{"line":279,"column":40},"skip":true},"63":{"start":{"line":281,"column":24},"end":{"line":281,"column":40},"skip":true},"64":{"start":{"line":283,"column":24},"end":{"line":283,"column":39},"skip":true},"65":{"start":{"line":288,"column":8},"end":{"line":290,"column":9},"skip":true},"66":{"start":{"line":289,"column":12},"end":{"line":289,"column":18},"skip":true},"67":{"start":{"line":291,"column":8},"end":{"line":293,"column":54},"skip":true},"68":{"start":{"line":296,"column":8},"end":{"line":301,"column":37},"skip":true},"69":{"start":{"line":303,"column":8},"end":{"line":303,"column":82},"skip":true},"70":{"start":{"line":306,"column":8},"end":{"line":308,"column":9},"skip":true},"71":{"start":{"line":307,"column":12},"end":{"line":307,"column":82},"skip":true},"72":{"start":{"line":310,"column":8},"end":{"line":312,"column":9},"skip":true},"73":{"start":{"line":311,"column":12},"end":{"line":311,"column":18},"skip":true},"74":{"start":{"line":313,"column":8},"end":{"line":313,"column":54},"skip":true},"75":{"start":{"line":314,"column":8},"end":{"line":314,"column":69},"skip":true},"76":{"start":{"line":315,"column":8},"end":{"line":323,"column":36},"skip":true},"77":{"start":{"line":316,"column":12},"end":{"line":316,"column":61},"skip":true},"78":{"start":{"line":317,"column":12},"end":{"line":320,"column":13},"skip":true},"79":{"start":{"line":318,"column":16},"end":{"line":318,"column":75},"skip":true},"80":{"start":{"line":319,"column":16},"end":{"line":319,"column":23},"skip":true},"81":{"start":{"line":321,"column":12},"end":{"line":321,"column":38},"skip":true},"82":{"start":{"line":322,"column":12},"end":{"line":322,"column":27},"skip":true},"83":{"start":{"line":324,"column":8},"end":{"line":324,"column":14},"skip":true}},"branchMap":{"1":{"line":39,"type":"binary-expr","locations":[{"start":{"line":39,"column":23},"end":{"line":39,"column":62}},{"start":{"line":40,"column":20},"end":{"line":40,"column":70}},{"start":{"line":41,"column":20},"end":{"line":41,"column":71}},{"start":{"line":42,"column":20},"end":{"line":42,"column":29}}]},"2":{"line":44,"type":"binary-expr","locations":[{"start":{"line":44,"column":23},"end":{"line":44,"column":37}},{"start":{"line":45,"column":20},"end":{"line":45,"column":61}},{"start":{"line":46,"column":20},"end":{"line":46,"column":70}},{"start":{"line":47,"column":20},"end":{"line":47,"column":26}}]},"3":{"line":51,"type":"cond-expr","locations":[{"start":{"line":52,"column":14},"end":{"line":52,"column":20}},{"start":{"line":53,"column":14},"end":{"line":53,"column":20}}]},"4":{"line":55,"type":"binary-expr","locations":[{"start":{"line":55,"column":16},"end":{"line":55,"column":44}},{"start":{"line":55,"column":49},"end":{"line":57,"column":43}}]},"5":{"line":55,"type":"cond-expr","locations":[{"start":{"line":56,"column":14},"end":{"line":56,"column":52}},{"start":{"line":57,"column":14},"end":{"line":57,"column":43}}]},"6":{"line":61,"type":"switch","locations":[{"start":{"line":68,"column":4},"end":{"line":150,"column":14},"skip":true},{"start":{"line":156,"column":4},"end":{"line":324,"column":14},"skip":true}]},"7":{"line":70,"type":"if","locations":[{"start":{"line":70,"column":12},"end":{"line":70,"column":12},"skip":true},{"start":{"line":70,"column":12},"end":{"line":70,"column":12},"skip":true}]},"8":{"line":70,"type":"binary-expr","locations":[{"start":{"line":70,"column":16},"end":{"line":70,"column":22},"skip":true},{"start":{"line":70,"column":27},"end":{"line":70,"column":32},"skip":true},{"start":{"line":71,"column":20},"end":{"line":71,"column":39},"skip":true},{"start":{"line":72,"column":20},"end":{"line":72,"column":49},"skip":true},{"start":{"line":73,"column":20},"end":{"line":73,"column":58},"skip":true},{"start":{"line":74,"column":20},"end":{"line":74,"column":69},"skip":true}]},"9":{"line":79,"type":"switch","locations":[{"start":{"line":80,"column":20},"end":{"line":80,"column":33},"skip":true},{"start":{"line":81,"column":20},"end":{"line":83,"column":30},"skip":true},{"start":{"line":84,"column":20},"end":{"line":85,"column":49},"skip":true}]},"10":{"line":89,"type":"switch","locations":[{"start":{"line":90,"column":12},"end":{"line":103,"column":22},"skip":true},{"start":{"line":105,"column":12},"end":{"line":106,"column":22},"skip":true}]},"11":{"line":89,"type":"binary-expr","locations":[{"start":{"line":89,"column":20},"end":{"line":89,"column":25},"skip":true},{"start":{"line":89,"column":29},"end":{"line":89,"column":48},"skip":true},{"start":{"line":89,"column":52},"end":{"line":89,"column":74},"skip":true}]},"12":{"line":92,"type":"if","locations":[{"start":{"line":92,"column":16},"end":{"line":92,"column":16},"skip":true},{"start":{"line":92,"column":16},"end":{"line":92,"column":16},"skip":true}]},"13":{"line":108,"type":"if","locations":[{"start":{"line":108,"column":12},"end":{"line":108,"column":12},"skip":true},{"start":{"line":108,"column":12},"end":{"line":108,"column":12},"skip":true}]},"14":{"line":108,"type":"binary-expr","locations":[{"start":{"line":108,"column":16},"end":{"line":108,"column":61},"skip":true},{"start":{"line":108,"column":66},"end":{"line":108,"column":72},"skip":true},{"start":{"line":108,"column":77},"end":{"line":108,"column":82},"skip":true},{"start":{"line":109,"column":20},"end":{"line":109,"column":39},"skip":true},{"start":{"line":110,"column":20},"end":{"line":110,"column":49},"skip":true},{"start":{"line":111,"column":20},"end":{"line":111,"column":58},"skip":true},{"start":{"line":112,"column":20},"end":{"line":112,"column":68},"skip":true}]},"15":{"line":129,"type":"if","locations":[{"start":{"line":129,"column":16},"end":{"line":129,"column":16},"skip":true},{"start":{"line":129,"column":16},"end":{"line":129,"column":16},"skip":true}]},"16":{"line":134,"type":"cond-expr","locations":[{"start":{"line":135,"column":26},"end":{"line":135,"column":29},"skip":true},{"start":{"line":136,"column":26},"end":{"line":136,"column":54},"skip":true}]},"17":{"line":164,"type":"binary-expr","locations":[{"start":{"line":164,"column":27},"end":{"line":164,"column":43},"skip":true},{"start":{"line":164,"column":47},"end":{"line":164,"column":49},"skip":true}]},"18":{"line":258,"type":"if","locations":[{"start":{"line":258,"column":8},"end":{"line":258,"column":8},"skip":true},{"start":{"line":258,"column":8},"end":{"line":258,"column":8},"skip":true}]},"19":{"line":275,"type":"switch","locations":[{"start":{"line":276,"column":20},"end":{"line":277,"column":64},"skip":true},{"start":{"line":278,"column":20},"end":{"line":279,"column":40},"skip":true},{"start":{"line":280,"column":20},"end":{"line":281,"column":40},"skip":true},{"start":{"line":282,"column":20},"end":{"line":283,"column":39},"skip":true}]},"20":{"line":288,"type":"if","locations":[{"start":{"line":288,"column":8},"end":{"line":288,"column":8},"skip":true},{"start":{"line":288,"column":8},"end":{"line":288,"column":8},"skip":true}]},"21":{"line":288,"type":"binary-expr","locations":[{"start":{"line":288,"column":12},"end":{"line":288,"column":40},"skip":true},{"start":{"line":288,"column":44},"end":{"line":288,"column":67},"skip":true}]},"22":{"line":292,"type":"binary-expr","locations":[{"start":{"line":292,"column":12},"end":{"line":292,"column":50},"skip":true},{"start":{"line":293,"column":12},"end":{"line":293,"column":53},"skip":true}]},"23":{"line":297,"type":"binary-expr","locations":[{"start":{"line":297,"column":12},"end":{"line":297,"column":66},"skip":true},{"start":{"line":298,"column":12},"end":{"line":301,"column":36},"skip":true}]},"24":{"line":303,"type":"binary-expr","locations":[{"start":{"line":303,"column":43},"end":{"line":303,"column":75},"skip":true},{"start":{"line":303,"column":79},"end":{"line":303,"column":81},"skip":true}]},"25":{"line":306,"type":"if","locations":[{"start":{"line":306,"column":8},"end":{"line":306,"column":8},"skip":true},{"start":{"line":306,"column":8},"end":{"line":306,"column":8},"skip":true}]},"26":{"line":310,"type":"if","locations":[{"start":{"line":310,"column":8},"end":{"line":310,"column":8},"skip":true},{"start":{"line":310,"column":8},"end":{"line":310,"column":8},"skip":true}]},"27":{"line":313,"type":"binary-expr","locations":[{"start":{"line":313,"column":27},"end":{"line":313,"column":43},"skip":true},{"start":{"line":313,"column":47},"end":{"line":313,"column":53},"skip":true}]},"28":{"line":317,"type":"if","locations":[{"start":{"line":317,"column":12},"end":{"line":317,"column":12},"skip":true},{"start":{"line":317,"column":12},"end":{"line":317,"column":12},"skip":true}]}},"code":["/*","example.js","","quickstart example","","instruction","    1. save this script as example.js","    2. run the shell command:","        $ npm install npmtest-csswring && PORT=8081 node example.js","    3. play with the browser-demo on http://127.0.0.1:8081","*/","","","","/* istanbul instrument in package npmtest_csswring */","/*jslint","    bitwise: true,","    browser: true,","    maxerr: 8,","    maxlen: 96,","    node: true,","    nomen: true,","    regexp: true,","    stupid: true","*/","(function () {","    'use strict';","    var local;","","","","    // run shared js-env code - pre-init","    (function () {","        // init local","        local = {};","        // init modeJs","        local.modeJs = (function () {","            try {","                return typeof navigator.userAgent === 'string' &&","                    typeof document.querySelector('body') === 'object' &&","                    typeof XMLHttpRequest.prototype.open === 'function' &&","                    'browser';","            } catch (errorCaughtBrowser) {","                return module.exports &&","                    typeof process.versions.node === 'string' &&","                    typeof require('http').createServer === 'function' &&","                    'node';","            }","        }());","        // init global","        local.global = local.modeJs === 'browser'","            ? window","            : global;","        // init utility2_rollup","        local = local.global.utility2_rollup || (local.modeJs === 'browser'","            ? local.global.utility2_npmtest_csswring","            : global.utility2_moduleExports);","        // export local","        local.global.local = local;","    }());","    switch (local.modeJs) {","","","","    // post-init","    // run browser js-env code - post-init","    /* istanbul ignore next */","    case 'browser':","        local.testRunBrowser = function (event) {","            if (!event || (event &&","                    event.currentTarget &&","                    event.currentTarget.className &&","                    event.currentTarget.className.includes &&","                    event.currentTarget.className.includes('onreset'))) {","                // reset output","                Array.from(","                    document.querySelectorAll('body > .resettable')","                ).forEach(function (element) {","                    switch (element.tagName) {","                    case 'INPUT':","                    case 'TEXTAREA':","                        element.value = '';","                        break;","                    default:","                        element.textContent = '';","                    }","                });","            }","            switch (event && event.currentTarget && event.currentTarget.id) {","            case 'testRunButton1':","                // show tests","                if (document.querySelector('#testReportDiv1').style.display === 'none') {","                    document.querySelector('#testReportDiv1').style.display = 'block';","                    document.querySelector('#testRunButton1').textContent =","                        'hide internal test';","                    local.modeTest = true;","                    local.testRunDefault(local);","                // hide tests","                } else {","                    document.querySelector('#testReportDiv1').style.display = 'none';","                    document.querySelector('#testRunButton1').textContent = 'run internal test';","                }","                break;","            // custom-case","            default:","                break;","            }","            if (document.querySelector('#inputTextareaEval1') && (!event || (event &&","                    event.currentTarget &&","                    event.currentTarget.className &&","                    event.currentTarget.className.includes &&","                    event.currentTarget.className.includes('oneval')))) {","                // try to eval input-code","                try {","                    /*jslint evil: true*/","                    eval(document.querySelector('#inputTextareaEval1').value);","                } catch (errorCaught) {","                    console.error(errorCaught);","                }","            }","        };","        // log stderr and stdout to #outputTextareaStdout1","        ['error', 'log'].forEach(function (key) {","            console[key + '_original'] = console[key];","            console[key] = function () {","                var element;","                console[key + '_original'].apply(console, arguments);","                element = document.querySelector('#outputTextareaStdout1');","                if (!element) {","                    return;","                }","                // append text to #outputTextareaStdout1","                element.value += Array.from(arguments).map(function (arg) {","                    return typeof arg === 'string'","                        ? arg","                        : JSON.stringify(arg, null, 4);","                }).join(' ') + '\\n';","                // scroll textarea to bottom","                element.scrollTop = element.scrollHeight;","            };","        });","        // init event-handling","        ['change', 'click', 'keyup'].forEach(function (event) {","            Array.from(document.querySelectorAll('.on' + event)).forEach(function (element) {","                element.addEventListener(event, local.testRunBrowser);","            });","        });","        // run tests","        local.testRunBrowser();","        break;","","","","    // run node js-env code - post-init","    /* istanbul ignore next */","    case 'node':","        // export local","        module.exports = local;","        // require modules","        local.fs = require('fs');","        local.http = require('http');","        local.url = require('url');","        // init assets","        local.assetsDict = local.assetsDict || {};","        /* jslint-ignore-begin */","        local.assetsDict['/assets.index.template.html'] = '\\","<!doctype html>\\n\\","<html lang=\"en\">\\n\\","<head>\\n\\","<meta charset=\"UTF-8\">\\n\\","<meta name=\"viewport\" content=\"width=device-width, initial-scale=1\">\\n\\","<title>{{env.npm_package_name}} (v{{env.npm_package_version}})</title>\\n\\","<style>\\n\\","/*csslint\\n\\","    box-sizing: false,\\n\\","    universal-selector: false\\n\\","*/\\n\\","* {\\n\\","    box-sizing: border-box;\\n\\","}\\n\\","body {\\n\\","    background: #dde;\\n\\","    font-family: Arial, Helvetica, sans-serif;\\n\\","    margin: 2rem;\\n\\","}\\n\\","body > * {\\n\\","    margin-bottom: 1rem;\\n\\","}\\n\\",".utility2FooterDiv {\\n\\","    margin-top: 20px;\\n\\","    text-align: center;\\n\\","}\\n\\","</style>\\n\\","<style>\\n\\","/*csslint\\n\\","*/\\n\\","textarea {\\n\\","    font-family: monospace;\\n\\","    height: 10rem;\\n\\","    width: 100%;\\n\\","}\\n\\","textarea[readonly] {\\n\\","    background: #ddd;\\n\\","}\\n\\","</style>\\n\\","</head>\\n\\","<body>\\n\\","<!-- utility2-comment\\n\\","<div id=\"ajaxProgressDiv1\" style=\"background: #d00; height: 2px; left: 0; margin: 0; padding: 0; position: fixed; top: 0; transition: background 0.5s, width 1.5s; width: 25%;\"></div>\\n\\","utility2-comment -->\\n\\","<h1>\\n\\","<!-- utility2-comment\\n\\","    <a\\n\\","        {{#if env.npm_package_homepage}}\\n\\","        href=\"{{env.npm_package_homepage}}\"\\n\\","        {{/if env.npm_package_homepage}}\\n\\","        target=\"_blank\"\\n\\","    >\\n\\","utility2-comment -->\\n\\","        {{env.npm_package_name}} (v{{env.npm_package_version}})\\n\\","<!-- utility2-comment\\n\\","    </a>\\n\\","utility2-comment -->\\n\\","</h1>\\n\\","<h3>{{env.npm_package_description}}</h3>\\n\\","<!-- utility2-comment\\n\\","<h4><a download href=\"assets.app.js\">download standalone app</a></h4>\\n\\","<button class=\"onclick onreset\" id=\"testRunButton1\">run internal test</button><br>\\n\\","<div id=\"testReportDiv1\" style=\"display: none;\"></div>\\n\\","utility2-comment -->\\n\\","\\n\\","\\n\\","\\n\\","<label>stderr and stdout</label>\\n\\","<textarea class=\"resettable\" id=\"outputTextareaStdout1\" readonly></textarea>\\n\\","<!-- utility2-comment\\n\\","{{#if isRollup}}\\n\\","<script src=\"assets.app.js\"></script>\\n\\","{{#unless isRollup}}\\n\\","utility2-comment -->\\n\\","<script src=\"assets.utility2.rollup.js\"></script>\\n\\","<script src=\"jsonp.utility2._stateInit?callback=window.utility2._stateInit\"></script>\\n\\","<script src=\"assets.npmtest_csswring.rollup.js\"></script>\\n\\","<script src=\"assets.example.js\"></script>\\n\\","<script src=\"assets.test.js\"></script>\\n\\","<!-- utility2-comment\\n\\","{{/if isRollup}}\\n\\","utility2-comment -->\\n\\","<div class=\"utility2FooterDiv\">\\n\\","    [ this app was created with\\n\\","    <a href=\"https://github.com/kaizhu256/node-utility2\" target=\"_blank\">utility2</a>\\n\\","    ]\\n\\","</div>\\n\\","</body>\\n\\","</html>\\n\\","';","        /* jslint-ignore-end */","        if (local.templateRender) {","            local.assetsDict['/'] = local.templateRender(","                local.assetsDict['/assets.index.template.html'],","                {","                    env: local.objectSetDefault(local.env, {","                        npm_package_description: 'the greatest app in the world!',","                        npm_package_name: 'my-app',","                        npm_package_nameAlias: 'my_app',","                        npm_package_version: '0.0.1'","                    })","                }","            );","        } else {","            local.assetsDict['/'] = local.assetsDict['/assets.index.template.html']","                .replace((/\\{\\{env\\.(\\w+?)\\}\\}/g), function (match0, match1) {","                    // jslint-hack","                    String(match0);","                    switch (match1) {","                    case 'npm_package_description':","                        return 'the greatest app in the world!';","                    case 'npm_package_name':","                        return 'my-app';","                    case 'npm_package_nameAlias':","                        return 'my_app';","                    case 'npm_package_version':","                        return '0.0.1';","                    }","                });","        }","        // run the cli","        if (local.global.utility2_rollup || module !== require.main) {","            break;","        }","        local.assetsDict['/assets.example.js'] =","            local.assetsDict['/assets.example.js'] ||","            local.fs.readFileSync(__filename, 'utf8');","        // bug-workaround - long $npm_package_buildCustomOrg","        /* jslint-ignore-begin */","        local.assetsDict['/assets.npmtest_csswring.rollup.js'] =","            local.assetsDict['/assets.npmtest_csswring.rollup.js'] ||","            local.fs.readFileSync(","                local.npmtest_csswring.__dirname + '/lib.npmtest_csswring.js',","                'utf8'","            ).replace((/^#!/), '//');","        /* jslint-ignore-end */","        local.assetsDict['/favicon.ico'] = local.assetsDict['/favicon.ico'] || '';","        // if $npm_config_timeout_exit exists,","        // then exit this process after $npm_config_timeout_exit ms","        if (Number(process.env.npm_config_timeout_exit)) {","            setTimeout(process.exit, Number(process.env.npm_config_timeout_exit));","        }","        // start server","        if (local.global.utility2_serverHttp1) {","            break;","        }","        process.env.PORT = process.env.PORT || '8081';","        console.error('server starting on port ' + process.env.PORT);","        local.http.createServer(function (request, response) {","            request.urlParsed = local.url.parse(request.url);","            if (local.assetsDict[request.urlParsed.pathname] !== undefined) {","                response.end(local.assetsDict[request.urlParsed.pathname]);","                return;","            }","            response.statusCode = 404;","            response.end();","        }).listen(process.env.PORT);","        break;","    }","}());",""],"l":{"26":2,"28":2,"33":2,"35":2,"37":2,"38":2,"39":2,"44":1,"51":2,"55":2,"59":2,"61":2,"69":1,"70":2,"76":2,"79":2,"82":2,"83":2,"85":1,"89":2,"92":1,"93":1,"94":1,"96":1,"97":1,"100":1,"101":1,"103":1,"106":1,"108":2,"114":1,"116":1,"118":1,"123":1,"124":2,"125":2,"126":3,"127":3,"128":3,"129":3,"130":1,"133":3,"134":3,"139":3,"143":1,"144":3,"145":1,"149":1,"150":1,"158":1,"160":1,"161":1,"162":1,"164":1,"166":1,"258":1,"259":1,"271":1,"274":6,"275":6,"277":1,"279":2,"281":1,"283":2,"288":1,"289":1,"291":1,"296":1,"303":1,"306":1,"307":1,"310":1,"311":1,"313":1,"314":1,"315":1,"316":1,"317":1,"318":1,"319":1,"321":1,"322":1,"324":1}},"/home/travis/build/npmtest/node-npmtest-csswring/node_modules/csswring/index.js":{"path":"/home/travis/build/npmtest/node-npmtest-csswring/node_modules/csswring/index.js","s":{"1":1,"2":1,"3":1,"4":1,"5":1,"6":1,"7":1,"8":1,"9":0,"10":0,"11":0,"12":1,"13":0,"14":0,"15":0,"16":1,"17":0,"18":0,"19":0,"20":0,"21":0,"22":0,"23":0,"24":0,"25":0,"26":0,"27":1,"28":0,"29":0,"30":0,"31":0,"32":0,"33":0,"34":0,"35":0,"36":1,"37":0,"38":0,"39":0,"40":0,"41":0,"42":0,"43":1,"44":0,"45":0,"46":0,"47":0,"48":0,"49":0,"50":1,"51":0,"52":0,"53":0,"54":0,"55":0,"56":1,"57":0,"58":1,"59":0,"60":0,"61":0,"62":0,"63":1,"64":0,"65":0,"66":0,"67":0,"68":0,"69":0,"70":0,"71":1,"72":0,"73":1,"74":0,"75":1,"76":0,"77":0,"78":0,"79":0,"80":0,"81":0,"82":0,"83":0,"84":1,"85":0,"86":1,"87":0,"88":1,"89":0,"90":0,"91":0,"92":1,"93":0,"94":1,"95":0,"96":0,"97":0,"98":0,"99":0,"100":0,"101":1,"102":0,"103":0,"104":0,"105":0,"106":0,"107":0,"108":0,"109":0,"110":0,"111":1,"112":0,"113":0,"114":0,"115":0,"116":1,"117":0,"118":0,"119":1,"120":0,"121":0,"122":0,"123":0,"124":1,"125":0,"126":0,"127":1,"128":0,"129":0,"130":0,"131":0,"132":0,"133":0,"134":1,"135":0,"136":0,"137":0,"138":0,"139":1,"140":0,"141":0,"142":0,"143":0,"144":0,"145":0,"146":0,"147":0,"148":0,"149":0,"150":0,"151":0,"152":0,"153":0,"154":0,"155":0,"156":0,"157":0,"158":0,"159":0,"160":0,"161":0,"162":0,"163":0,"164":0,"165":0,"166":0,"167":0,"168":0,"169":0,"170":0,"171":0,"172":0,"173":0,"174":0,"175":0,"176":0,"177":0,"178":0,"179":0,"180":0,"181":0,"182":0,"183":0,"184":0,"185":1,"186":0,"187":0,"188":0,"189":1,"190":0,"191":0,"192":0,"193":0,"194":0,"195":0,"196":0,"197":0,"198":0,"199":0,"200":0,"201":0,"202":0,"203":0,"204":0,"205":0,"206":0,"207":0,"208":0,"209":0,"210":1,"211":0,"212":0,"213":0,"214":0,"215":0,"216":0,"217":0,"218":0,"219":0,"220":0,"221":0,"222":0,"223":0,"224":1,"225":0,"226":0,"227":0,"228":0,"229":0,"230":0,"231":0,"232":0,"233":0,"234":0,"235":0,"236":0,"237":0,"238":0,"239":0,"240":0,"241":0,"242":0,"243":0,"244":0,"245":0,"246":0,"247":0,"248":0,"249":0,"250":0,"251":0,"252":0,"253":0,"254":0,"255":1,"256":0,"257":0,"258":0,"259":0,"260":0,"261":0,"262":0,"263":0,"264":0,"265":0,"266":0,"267":0,"268":0,"269":0,"270":0,"271":1,"272":0},"b":{"1":[0,0],"2":[0,0,0],"3":[0,0],"4":[0,0],"5":[0,0],"6":[0,0,0,0],"7":[0,0],"8":[0,0],"9":[0,0],"10":[0,0],"11":[0,0],"12":[0,0],"13":[0,0,0],"14":[0,0],"15":[0,0],"16":[0,0,0,0,0,0],"17":[0,0],"18":[0,0],"19":[0,0],"20":[0,0],"21":[0,0],"22":[0,0],"23":[0,0],"24":[0,0],"25":[0,0],"26":[0,0],"27":[0,0,0],"28":[0,0],"29":[0,0],"30":[0,0],"31":[0,0],"32":[0,0,0,0,0],"33":[0,0],"34":[0,0],"35":[0,0,0],"36":[0,0],"37":[0,0],"38":[0,0,0,0,0],"39":[0,0],"40":[0,0],"41":[0,0],"42":[0,0],"43":[0,0],"44":[0,0],"45":[0,0],"46":[0,0],"47":[0,0],"48":[0,0],"49":[0,0],"50":[0,0],"51":[0,0],"52":[0,0],"53":[0,0],"54":[0,0],"55":[0,0],"56":[0,0],"57":[0,0],"58":[0,0],"59":[0,0],"60":[0,0],"61":[0,0],"62":[0,0],"63":[0,0],"64":[0,0,0],"65":[0,0],"66":[0,0],"67":[0,0],"68":[0,0,0],"69":[0,0],"70":[0,0],"71":[0,0],"72":[0,0],"73":[0,0],"74":[0,0],"75":[0,0],"76":[0,0],"77":[0,0],"78":[0,0],"79":[0,0],"80":[0,0,0,0],"81":[0,0],"82":[0,0],"83":[0,0]},"f":{"1":0,"2":0,"3":0,"4":0,"5":0,"6":0,"7":0,"8":0,"9":0,"10":0,"11":0,"12":0,"13":0,"14":0,"15":0,"16":0,"17":0,"18":0,"19":0,"20":0,"21":0,"22":0,"23":0,"24":0,"25":0,"26":0,"27":0,"28":0,"29":0,"30":0,"31":0,"32":0,"33":0},"fnMap":{"1":{"name":"isSourceMapAnnotation","line":12,"loc":{"start":{"line":12,"column":0},"end":{"line":12,"column":40}}},"2":{"name":"setQuote","line":25,"loc":{"start":{"line":25,"column":0},"end":{"line":25,"column":25}}},"3":{"name":"canUnquote","line":34,"loc":{"start":{"line":34,"column":0},"end":{"line":34,"column":25}}},"4":{"name":"unquoteFontFamily","line":59,"loc":{"start":{"line":59,"column":0},"end":{"line":59,"column":35}}},"5":{"name":"toRGBColor","line":77,"loc":{"start":{"line":77,"column":0},"end":{"line":77,"column":35}}},"6":{"name":"toShortestColor","line":94,"loc":{"start":{"line":94,"column":0},"end":{"line":94,"column":61}}},"7":{"name":"removeUnitOfZero","line":109,"loc":{"start":{"line":109,"column":0},"end":{"line":109,"column":69}}},"8":{"name":"toShortestTime","line":129,"loc":{"start":{"line":129,"column":0},"end":{"line":129,"column":39}}},"9":{"name":"toShortestAngle","line":134,"loc":{"start":{"line":134,"column":0},"end":{"line":134,"column":43}}},"10":{"name":"unquoteURL","line":145,"loc":{"start":{"line":145,"column":0},"end":{"line":145,"column":37}}},"11":{"name":"removeCalcWhiteSpaces","line":160,"loc":{"start":{"line":160,"column":0},"end":{"line":160,"column":49}}},"12":{"name":"wringValue","line":168,"loc":{"start":{"line":168,"column":0},"end":{"line":168,"column":33}}},"13":{"name":"unquoteAttributeSelector","line":215,"loc":{"start":{"line":215,"column":0},"end":{"line":215,"column":52}}},"14":{"name":"removeWhiteSpaces","line":233,"loc":{"start":{"line":233,"column":0},"end":{"line":233,"column":35}}},"15":{"name":"trimNegationFunction","line":238,"loc":{"start":{"line":238,"column":0},"end":{"line":238,"column":38}}},"16":{"name":"trimSelectorCombinator","line":243,"loc":{"start":{"line":243,"column":0},"end":{"line":243,"column":58}}},"17":{"name":"wringSelector","line":252,"loc":{"start":{"line":252,"column":0},"end":{"line":252,"column":33}}},"18":{"name":"isValidKeyframe","line":278,"loc":{"start":{"line":278,"column":0},"end":{"line":278,"column":35}}},"19":{"name":"uniqueArray","line":293,"loc":{"start":{"line":293,"column":0},"end":{"line":293,"column":28}}},"20":{"name":"removeDuplicateDeclaration","line":311,"loc":{"start":{"line":311,"column":0},"end":{"line":311,"column":49}}},"21":{"name":"isRequiredFontFaceDescriptor","line":322,"loc":{"start":{"line":322,"column":0},"end":{"line":322,"column":44}}},"22":{"name":"removeDefaultFontFaceDescriptor","line":329,"loc":{"start":{"line":329,"column":0},"end":{"line":329,"column":47}}},"23":{"name":"quoteImportURL","line":343,"loc":{"start":{"line":343,"column":0},"end":{"line":343,"column":39}}},"24":{"name":"quoteNamespaceURL","line":350,"loc":{"start":{"line":350,"column":0},"end":{"line":350,"column":44}}},"25":{"name":"wringComment","line":363,"loc":{"start":{"line":363,"column":0},"end":{"line":363,"column":50}}},"26":{"name":"wringDecl","line":377,"loc":{"start":{"line":377,"column":0},"end":{"line":377,"column":40}}},"27":{"name":"wringDeclLike","line":476,"loc":{"start":{"line":476,"column":0},"end":{"line":476,"column":39}}},"28":{"name":"wringRule","line":488,"loc":{"start":{"line":488,"column":0},"end":{"line":488,"column":25}}},"29":{"name":"filterAtRule","line":523,"loc":{"start":{"line":523,"column":0},"end":{"line":523,"column":34}}},"30":{"name":"wringAtRule","line":554,"loc":{"start":{"line":554,"column":0},"end":{"line":554,"column":29}}},"31":{"name":"(anonymous_31)","line":634,"loc":{"start":{"line":634,"column":42},"end":{"line":634,"column":58}}},"32":{"name":"(anonymous_32)","line":647,"loc":{"start":{"line":647,"column":9},"end":{"line":647,"column":24}}},"33":{"name":"(anonymous_33)","line":663,"loc":{"start":{"line":663,"column":23},"end":{"line":663,"column":44}}}},"statementMap":{"1":{"start":{"line":3,"column":0},"end":{"line":3,"column":37}},"2":{"start":{"line":4,"column":0},"end":{"line":4,"column":41}},"3":{"start":{"line":5,"column":0},"end":{"line":5,"column":37}},"4":{"start":{"line":6,"column":0},"end":{"line":6,"column":38}},"5":{"start":{"line":7,"column":0},"end":{"line":7,"column":35}},"6":{"start":{"line":8,"column":0},"end":{"line":8,"column":35}},"7":{"start":{"line":9,"column":0},"end":{"line":9,"column":35}},"8":{"start":{"line":12,"column":0},"end":{"line":22,"column":1}},"9":{"start":{"line":13,"column":2},"end":{"line":19,"column":3}},"10":{"start":{"line":18,"column":4},"end":{"line":18,"column":16}},"11":{"start":{"line":21,"column":2},"end":{"line":21,"column":15}},"12":{"start":{"line":25,"column":0},"end":{"line":31,"column":1}},"13":{"start":{"line":26,"column":2},"end":{"line":28,"column":3}},"14":{"start":{"line":27,"column":4},"end":{"line":27,"column":17}},"15":{"start":{"line":30,"column":2},"end":{"line":30,"column":15}},"16":{"start":{"line":34,"column":0},"end":{"line":56,"column":1}},"17":{"start":{"line":35,"column":2},"end":{"line":35,"column":36}},"18":{"start":{"line":36,"column":2},"end":{"line":36,"column":17}},"19":{"start":{"line":38,"column":2},"end":{"line":40,"column":3}},"20":{"start":{"line":39,"column":4},"end":{"line":39,"column":17}},"21":{"start":{"line":42,"column":2},"end":{"line":42,"column":31}},"22":{"start":{"line":44,"column":2},"end":{"line":49,"column":3}},"23":{"start":{"line":48,"column":4},"end":{"line":48,"column":17}},"24":{"start":{"line":51,"column":2},"end":{"line":53,"column":3}},"25":{"start":{"line":52,"column":4},"end":{"line":52,"column":16}},"26":{"start":{"line":55,"column":2},"end":{"line":55,"column":15}},"27":{"start":{"line":59,"column":0},"end":{"line":74,"column":1}},"28":{"start":{"line":60,"column":2},"end":{"line":60,"column":12}},"29":{"start":{"line":62,"column":2},"end":{"line":64,"column":3}},"30":{"start":{"line":63,"column":4},"end":{"line":63,"column":18}},"31":{"start":{"line":66,"column":2},"end":{"line":66,"column":49}},"32":{"start":{"line":67,"column":2},"end":{"line":67,"column":30}},"33":{"start":{"line":69,"column":2},"end":{"line":71,"column":3}},"34":{"start":{"line":70,"column":4},"end":{"line":70,"column":41}},"35":{"start":{"line":73,"column":2},"end":{"line":73,"column":16}},"36":{"start":{"line":77,"column":0},"end":{"line":91,"column":1}},"37":{"start":{"line":78,"column":2},"end":{"line":78,"column":18}},"38":{"start":{"line":82,"column":2},"end":{"line":84,"column":3}},"39":{"start":{"line":83,"column":4},"end":{"line":83,"column":13},"skip":true},"40":{"start":{"line":86,"column":2},"end":{"line":88,"column":3}},"41":{"start":{"line":87,"column":4},"end":{"line":87,"column":35}},"42":{"start":{"line":90,"column":2},"end":{"line":90,"column":33}},"43":{"start":{"line":94,"column":0},"end":{"line":106,"column":1}},"44":{"start":{"line":95,"column":2},"end":{"line":95,"column":44}},"45":{"start":{"line":97,"column":2},"end":{"line":99,"column":3}},"46":{"start":{"line":98,"column":4},"end":{"line":98,"column":27}},"47":{"start":{"line":101,"column":2},"end":{"line":103,"column":3}},"48":{"start":{"line":102,"column":4},"end":{"line":102,"column":26}},"49":{"start":{"line":105,"column":2},"end":{"line":105,"column":40}},"50":{"start":{"line":109,"column":0},"end":{"line":126,"column":1}},"51":{"start":{"line":110,"column":2},"end":{"line":119,"column":3}},"52":{"start":{"line":118,"column":4},"end":{"line":118,"column":13}},"53":{"start":{"line":121,"column":2},"end":{"line":123,"column":3}},"54":{"start":{"line":122,"column":4},"end":{"line":122,"column":37}},"55":{"start":{"line":125,"column":2},"end":{"line":125,"column":28}},"56":{"start":{"line":129,"column":0},"end":{"line":131,"column":1}},"57":{"start":{"line":130,"column":2},"end":{"line":130,"column":79}},"58":{"start":{"line":134,"column":0},"end":{"line":142,"column":1}},"59":{"start":{"line":135,"column":2},"end":{"line":135,"column":22}},"60":{"start":{"line":137,"column":2},"end":{"line":139,"column":3}},"61":{"start":{"line":138,"column":4},"end":{"line":138,"column":47}},"62":{"start":{"line":141,"column":2},"end":{"line":141,"column":30}},"63":{"start":{"line":145,"column":0},"end":{"line":157,"column":1}},"64":{"start":{"line":146,"column":2},"end":{"line":146,"column":12}},"65":{"start":{"line":148,"column":2},"end":{"line":148,"column":43}},"66":{"start":{"line":149,"column":2},"end":{"line":149,"column":30}},"67":{"start":{"line":150,"column":2},"end":{"line":150,"column":44}},"68":{"start":{"line":152,"column":2},"end":{"line":154,"column":3}},"69":{"start":{"line":153,"column":4},"end":{"line":153,"column":35}},"70":{"start":{"line":156,"column":2},"end":{"line":156,"column":33}},"71":{"start":{"line":160,"column":0},"end":{"line":165,"column":1}},"72":{"start":{"line":161,"column":2},"end":{"line":164,"column":7}},"73":{"start":{"line":168,"column":0},"end":{"line":212,"column":1}},"74":{"start":{"line":169,"column":2},"end":{"line":211,"column":4}},"75":{"start":{"line":215,"column":0},"end":{"line":230,"column":1}},"76":{"start":{"line":216,"column":2},"end":{"line":216,"column":12}},"77":{"start":{"line":218,"column":2},"end":{"line":220,"column":3}},"78":{"start":{"line":219,"column":4},"end":{"line":219,"column":22}},"79":{"start":{"line":222,"column":2},"end":{"line":222,"column":50}},"80":{"start":{"line":223,"column":2},"end":{"line":223,"column":30}},"81":{"start":{"line":225,"column":2},"end":{"line":227,"column":3}},"82":{"start":{"line":226,"column":4},"end":{"line":226,"column":35}},"83":{"start":{"line":229,"column":2},"end":{"line":229,"column":32}},"84":{"start":{"line":233,"column":0},"end":{"line":235,"column":1}},"85":{"start":{"line":234,"column":2},"end":{"line":234,"column":44}},"86":{"start":{"line":238,"column":0},"end":{"line":240,"column":1}},"87":{"start":{"line":239,"column":2},"end":{"line":239,"column":35}},"88":{"start":{"line":243,"column":0},"end":{"line":249,"column":1}},"89":{"start":{"line":244,"column":2},"end":{"line":246,"column":3}},"90":{"start":{"line":245,"column":4},"end":{"line":245,"column":33}},"91":{"start":{"line":248,"column":2},"end":{"line":248,"column":20}},"92":{"start":{"line":252,"column":0},"end":{"line":275,"column":1}},"93":{"start":{"line":253,"column":2},"end":{"line":274,"column":4}},"94":{"start":{"line":278,"column":0},"end":{"line":290,"column":1}},"95":{"start":{"line":279,"column":2},"end":{"line":281,"column":3}},"96":{"start":{"line":280,"column":4},"end":{"line":280,"column":16}},"97":{"start":{"line":283,"column":2},"end":{"line":283,"column":34}},"98":{"start":{"line":285,"column":2},"end":{"line":287,"column":3}},"99":{"start":{"line":286,"column":4},"end":{"line":286,"column":16}},"100":{"start":{"line":289,"column":2},"end":{"line":289,"column":15}},"101":{"start":{"line":293,"column":0},"end":{"line":308,"column":1}},"102":{"start":{"line":294,"column":2},"end":{"line":294,"column":8}},"103":{"start":{"line":295,"column":2},"end":{"line":295,"column":8}},"104":{"start":{"line":296,"column":2},"end":{"line":296,"column":20}},"105":{"start":{"line":297,"column":2},"end":{"line":297,"column":12}},"106":{"start":{"line":299,"column":2},"end":{"line":305,"column":3}},"107":{"start":{"line":300,"column":4},"end":{"line":300,"column":21}},"108":{"start":{"line":302,"column":4},"end":{"line":304,"column":5}},"109":{"start":{"line":303,"column":6},"end":{"line":303,"column":25}},"110":{"start":{"line":307,"column":2},"end":{"line":307,"column":16}},"111":{"start":{"line":311,"column":0},"end":{"line":319,"column":1}},"112":{"start":{"line":312,"column":2},"end":{"line":312,"column":79}},"113":{"start":{"line":314,"column":2},"end":{"line":316,"column":3}},"114":{"start":{"line":315,"column":4},"end":{"line":315,"column":22}},"115":{"start":{"line":318,"column":2},"end":{"line":318,"column":18}},"116":{"start":{"line":322,"column":0},"end":{"line":326,"column":1}},"117":{"start":{"line":323,"column":2},"end":{"line":323,"column":25}},"118":{"start":{"line":325,"column":2},"end":{"line":325,"column":54}},"119":{"start":{"line":329,"column":0},"end":{"line":340,"column":1}},"120":{"start":{"line":330,"column":2},"end":{"line":330,"column":25}},"121":{"start":{"line":331,"column":2},"end":{"line":331,"column":27}},"122":{"start":{"line":333,"column":2},"end":{"line":339,"column":3}},"123":{"start":{"line":338,"column":4},"end":{"line":338,"column":18}},"124":{"start":{"line":343,"column":0},"end":{"line":347,"column":1}},"125":{"start":{"line":344,"column":2},"end":{"line":344,"column":26}},"126":{"start":{"line":346,"column":2},"end":{"line":346,"column":34}},"127":{"start":{"line":350,"column":0},"end":{"line":360,"column":1}},"128":{"start":{"line":351,"column":2},"end":{"line":351,"column":12}},"129":{"start":{"line":353,"column":2},"end":{"line":357,"column":3}},"130":{"start":{"line":354,"column":4},"end":{"line":354,"column":49}},"131":{"start":{"line":355,"column":4},"end":{"line":355,"column":32}},"132":{"start":{"line":356,"column":4},"end":{"line":356,"column":39}},"133":{"start":{"line":359,"column":2},"end":{"line":359,"column":15}},"134":{"start":{"line":363,"column":0},"end":{"line":374,"column":1}},"135":{"start":{"line":364,"column":2},"end":{"line":371,"column":3}},"136":{"start":{"line":368,"column":4},"end":{"line":368,"column":21}},"137":{"start":{"line":370,"column":4},"end":{"line":370,"column":11}},"138":{"start":{"line":373,"column":2},"end":{"line":373,"column":27}},"139":{"start":{"line":377,"column":0},"end":{"line":473,"column":1}},"140":{"start":{"line":378,"column":2},"end":{"line":378,"column":25}},"141":{"start":{"line":380,"column":2},"end":{"line":380,"column":32}},"142":{"start":{"line":381,"column":2},"end":{"line":381,"column":34}},"143":{"start":{"line":382,"column":2},"end":{"line":382,"column":25}},"144":{"start":{"line":383,"column":2},"end":{"line":383,"column":13}},"145":{"start":{"line":385,"column":2},"end":{"line":389,"column":3}},"146":{"start":{"line":386,"column":4},"end":{"line":386,"column":18}},"147":{"start":{"line":388,"column":4},"end":{"line":388,"column":11}},"148":{"start":{"line":391,"column":2},"end":{"line":401,"column":3}},"149":{"start":{"line":398,"column":4},"end":{"line":398,"column":18}},"150":{"start":{"line":400,"column":4},"end":{"line":400,"column":11}},"151":{"start":{"line":403,"column":2},"end":{"line":413,"column":3}},"152":{"start":{"line":404,"column":4},"end":{"line":410,"column":6}},"153":{"start":{"line":412,"column":4},"end":{"line":412,"column":16}},"154":{"start":{"line":415,"column":2},"end":{"line":415,"column":28}},"155":{"start":{"line":417,"column":2},"end":{"line":421,"column":3}},"156":{"start":{"line":418,"column":4},"end":{"line":418,"column":50}},"157":{"start":{"line":420,"column":4},"end":{"line":420,"column":18}},"158":{"start":{"line":423,"column":2},"end":{"line":423,"column":30}},"159":{"start":{"line":425,"column":2},"end":{"line":427,"column":3}},"160":{"start":{"line":426,"column":4},"end":{"line":426,"column":39}},"161":{"start":{"line":429,"column":2},"end":{"line":431,"column":3}},"162":{"start":{"line":430,"column":4},"end":{"line":430,"column":49}},"163":{"start":{"line":433,"column":2},"end":{"line":435,"column":3}},"164":{"start":{"line":434,"column":4},"end":{"line":434,"column":11}},"165":{"start":{"line":437,"column":2},"end":{"line":441,"column":3}},"166":{"start":{"line":438,"column":4},"end":{"line":438,"column":68}},"167":{"start":{"line":440,"column":4},"end":{"line":440,"column":11}},"168":{"start":{"line":443,"column":2},"end":{"line":443,"column":29}},"169":{"start":{"line":444,"column":2},"end":{"line":444,"column":60}},"170":{"start":{"line":446,"column":2},"end":{"line":462,"column":3}},"171":{"start":{"line":447,"column":4},"end":{"line":447,"column":31}},"172":{"start":{"line":449,"column":4},"end":{"line":451,"column":5}},"173":{"start":{"line":450,"column":6},"end":{"line":450,"column":26}},"174":{"start":{"line":453,"column":4},"end":{"line":455,"column":5}},"175":{"start":{"line":454,"column":6},"end":{"line":454,"column":26}},"176":{"start":{"line":457,"column":4},"end":{"line":459,"column":5}},"177":{"start":{"line":458,"column":6},"end":{"line":458,"column":26}},"178":{"start":{"line":461,"column":4},"end":{"line":461,"column":29}},"179":{"start":{"line":464,"column":2},"end":{"line":470,"column":3}},"180":{"start":{"line":465,"column":4},"end":{"line":469,"column":5}},"181":{"start":{"line":466,"column":6},"end":{"line":466,"column":20}},"182":{"start":{"line":467,"column":11},"end":{"line":469,"column":5}},"183":{"start":{"line":468,"column":6},"end":{"line":468,"column":20}},"184":{"start":{"line":472,"column":2},"end":{"line":472,"column":21}},"185":{"start":{"line":476,"column":0},"end":{"line":485,"column":1}},"186":{"start":{"line":477,"column":2},"end":{"line":480,"column":5}},"187":{"start":{"line":482,"column":2},"end":{"line":482,"column":36}},"188":{"start":{"line":484,"column":2},"end":{"line":484,"column":36}},"189":{"start":{"line":488,"column":0},"end":{"line":520,"column":1}},"190":{"start":{"line":489,"column":2},"end":{"line":489,"column":12}},"191":{"start":{"line":490,"column":2},"end":{"line":490,"column":13}},"192":{"start":{"line":491,"column":2},"end":{"line":491,"column":16}},"193":{"start":{"line":493,"column":2},"end":{"line":493,"column":24}},"194":{"start":{"line":494,"column":2},"end":{"line":494,"column":25}},"195":{"start":{"line":495,"column":2},"end":{"line":495,"column":30}},"196":{"start":{"line":496,"column":2},"end":{"line":496,"column":23}},"197":{"start":{"line":498,"column":2},"end":{"line":502,"column":3}},"198":{"start":{"line":499,"column":4},"end":{"line":499,"column":18}},"199":{"start":{"line":501,"column":4},"end":{"line":501,"column":11}},"200":{"start":{"line":504,"column":2},"end":{"line":504,"column":23}},"201":{"start":{"line":505,"column":2},"end":{"line":505,"column":48}},"202":{"start":{"line":507,"column":2},"end":{"line":515,"column":3}},"203":{"start":{"line":508,"column":4},"end":{"line":508,"column":50}},"204":{"start":{"line":510,"column":4},"end":{"line":514,"column":5}},"205":{"start":{"line":511,"column":6},"end":{"line":511,"column":20}},"206":{"start":{"line":513,"column":6},"end":{"line":513,"column":13}},"207":{"start":{"line":517,"column":2},"end":{"line":517,"column":51}},"208":{"start":{"line":518,"column":2},"end":{"line":518,"column":13}},"209":{"start":{"line":519,"column":2},"end":{"line":519,"column":58}},"210":{"start":{"line":523,"column":0},"end":{"line":551,"column":1}},"211":{"start":{"line":524,"column":2},"end":{"line":524,"column":25}},"212":{"start":{"line":525,"column":2},"end":{"line":525,"column":25}},"213":{"start":{"line":527,"column":2},"end":{"line":529,"column":3}},"214":{"start":{"line":528,"column":4},"end":{"line":528,"column":11}},"215":{"start":{"line":531,"column":2},"end":{"line":538,"column":3}},"216":{"start":{"line":535,"column":4},"end":{"line":535,"column":23}},"217":{"start":{"line":537,"column":4},"end":{"line":537,"column":11}},"218":{"start":{"line":540,"column":2},"end":{"line":544,"column":3}},"219":{"start":{"line":541,"column":4},"end":{"line":541,"column":24}},"220":{"start":{"line":543,"column":4},"end":{"line":543,"column":11}},"221":{"start":{"line":546,"column":2},"end":{"line":550,"column":3}},"222":{"start":{"line":547,"column":4},"end":{"line":547,"column":18}},"223":{"start":{"line":549,"column":4},"end":{"line":549,"column":11}},"224":{"start":{"line":554,"column":0},"end":{"line":632,"column":1}},"225":{"start":{"line":555,"column":2},"end":{"line":555,"column":13}},"226":{"start":{"line":557,"column":2},"end":{"line":557,"column":26}},"227":{"start":{"line":558,"column":2},"end":{"line":558,"column":30}},"228":{"start":{"line":559,"column":2},"end":{"line":559,"column":27}},"229":{"start":{"line":560,"column":2},"end":{"line":560,"column":32}},"230":{"start":{"line":561,"column":2},"end":{"line":561,"column":25}},"231":{"start":{"line":563,"column":2},"end":{"line":565,"column":3}},"232":{"start":{"line":564,"column":4},"end":{"line":564,"column":23}},"233":{"start":{"line":567,"column":2},"end":{"line":569,"column":3}},"234":{"start":{"line":568,"column":4},"end":{"line":568,"column":11}},"235":{"start":{"line":571,"column":2},"end":{"line":579,"column":3}},"236":{"start":{"line":572,"column":4},"end":{"line":576,"column":5}},"237":{"start":{"line":573,"column":6},"end":{"line":573,"column":22}},"238":{"start":{"line":575,"column":6},"end":{"line":575,"column":13}},"239":{"start":{"line":578,"column":4},"end":{"line":578,"column":49}},"240":{"start":{"line":581,"column":2},"end":{"line":585,"column":3}},"241":{"start":{"line":582,"column":4},"end":{"line":582,"column":20}},"242":{"start":{"line":584,"column":4},"end":{"line":584,"column":11}},"243":{"start":{"line":587,"column":2},"end":{"line":596,"column":4}},"244":{"start":{"line":598,"column":2},"end":{"line":606,"column":3}},"245":{"start":{"line":599,"column":4},"end":{"line":605,"column":6}},"246":{"start":{"line":608,"column":2},"end":{"line":612,"column":3}},"247":{"start":{"line":609,"column":4},"end":{"line":611,"column":38}},"248":{"start":{"line":614,"column":2},"end":{"line":616,"column":3}},"249":{"start":{"line":615,"column":4},"end":{"line":615,"column":51}},"250":{"start":{"line":618,"column":2},"end":{"line":620,"column":3}},"251":{"start":{"line":619,"column":4},"end":{"line":619,"column":65}},"252":{"start":{"line":622,"column":2},"end":{"line":622,"column":25}},"253":{"start":{"line":624,"column":2},"end":{"line":631,"column":3}},"254":{"start":{"line":630,"column":4},"end":{"line":630,"column":31}},"255":{"start":{"line":634,"column":0},"end":{"line":661,"column":3}},"256":{"start":{"line":635,"column":2},"end":{"line":637,"column":3}},"257":{"start":{"line":636,"column":4},"end":{"line":636,"column":14}},"258":{"start":{"line":639,"column":2},"end":{"line":641,"column":3}},"259":{"start":{"line":640,"column":4},"end":{"line":640,"column":31}},"260":{"start":{"line":643,"column":2},"end":{"line":645,"column":3}},"261":{"start":{"line":644,"column":4},"end":{"line":644,"column":35}},"262":{"start":{"line":647,"column":2},"end":{"line":660,"column":4}},"263":{"start":{"line":648,"column":4},"end":{"line":648,"column":31}},"264":{"start":{"line":649,"column":4},"end":{"line":649,"column":24}},"265":{"start":{"line":650,"column":4},"end":{"line":650,"column":70}},"266":{"start":{"line":651,"column":4},"end":{"line":651,"column":60}},"267":{"start":{"line":652,"column":4},"end":{"line":652,"column":29}},"268":{"start":{"line":653,"column":4},"end":{"line":656,"column":8}},"269":{"start":{"line":657,"column":4},"end":{"line":657,"column":33}},"270":{"start":{"line":659,"column":4},"end":{"line":659,"column":15}},"271":{"start":{"line":663,"column":0},"end":{"line":667,"column":2}},"272":{"start":{"line":664,"column":2},"end":{"line":666,"column":24}}},"branchMap":{"1":{"line":13,"type":"if","locations":[{"start":{"line":13,"column":2},"end":{"line":13,"column":2}},{"start":{"line":13,"column":2},"end":{"line":13,"column":2}}]},"2":{"line":14,"type":"binary-expr","locations":[{"start":{"line":14,"column":4},"end":{"line":14,"column":34}},{"start":{"line":15,"column":4},"end":{"line":15,"column":35}},{"start":{"line":16,"column":4},"end":{"line":16,"column":67}}]},"3":{"line":26,"type":"if","locations":[{"start":{"line":26,"column":2},"end":{"line":26,"column":2}},{"start":{"line":26,"column":2},"end":{"line":26,"column":2}}]},"4":{"line":38,"type":"if","locations":[{"start":{"line":38,"column":2},"end":{"line":38,"column":2}},{"start":{"line":38,"column":2},"end":{"line":38,"column":2}}]},"5":{"line":44,"type":"if","locations":[{"start":{"line":44,"column":2},"end":{"line":44,"column":2}},{"start":{"line":44,"column":2},"end":{"line":44,"column":2}}]},"6":{"line":45,"type":"binary-expr","locations":[{"start":{"line":45,"column":4},"end":{"line":45,"column":21}},{"start":{"line":46,"column":5},"end":{"line":46,"column":23}},{"start":{"line":46,"column":27},"end":{"line":46,"column":44}},{"start":{"line":46,"column":48},"end":{"line":46,"column":74}}]},"7":{"line":51,"type":"if","locations":[{"start":{"line":51,"column":2},"end":{"line":51,"column":2}},{"start":{"line":51,"column":2},"end":{"line":51,"column":2}}]},"8":{"line":62,"type":"if","locations":[{"start":{"line":62,"column":2},"end":{"line":62,"column":2}},{"start":{"line":62,"column":2},"end":{"line":62,"column":2}}]},"9":{"line":69,"type":"if","locations":[{"start":{"line":69,"column":2},"end":{"line":69,"column":2}},{"start":{"line":69,"column":2},"end":{"line":69,"column":2}}]},"10":{"line":82,"type":"if","locations":[{"start":{"line":82,"column":2},"end":{"line":82,"column":2},"skip":true},{"start":{"line":82,"column":2},"end":{"line":82,"column":2}}]},"11":{"line":86,"type":"if","locations":[{"start":{"line":86,"column":2},"end":{"line":86,"column":2}},{"start":{"line":86,"column":2},"end":{"line":86,"column":2}}]},"12":{"line":97,"type":"if","locations":[{"start":{"line":97,"column":2},"end":{"line":97,"column":2}},{"start":{"line":97,"column":2},"end":{"line":97,"column":2}}]},"13":{"line":97,"type":"binary-expr","locations":[{"start":{"line":97,"column":6},"end":{"line":97,"column":15}},{"start":{"line":97,"column":19},"end":{"line":97,"column":28}},{"start":{"line":97,"column":32},"end":{"line":97,"column":41}}]},"14":{"line":101,"type":"if","locations":[{"start":{"line":101,"column":2},"end":{"line":101,"column":2}},{"start":{"line":101,"column":2},"end":{"line":101,"column":2}}]},"15":{"line":110,"type":"if","locations":[{"start":{"line":110,"column":2},"end":{"line":110,"column":2}},{"start":{"line":110,"column":2},"end":{"line":110,"column":2}}]},"16":{"line":111,"type":"binary-expr","locations":[{"start":{"line":111,"column":4},"end":{"line":111,"column":19}},{"start":{"line":112,"column":4},"end":{"line":112,"column":23}},{"start":{"line":113,"column":4},"end":{"line":113,"column":27}},{"start":{"line":114,"column":4},"end":{"line":114,"column":25}},{"start":{"line":115,"column":4},"end":{"line":115,"column":33}},{"start":{"line":116,"column":4},"end":{"line":116,"column":33}}]},"17":{"line":121,"type":"if","locations":[{"start":{"line":121,"column":2},"end":{"line":121,"column":2}},{"start":{"line":121,"column":2},"end":{"line":121,"column":2}}]},"18":{"line":137,"type":"if","locations":[{"start":{"line":137,"column":2},"end":{"line":137,"column":2}},{"start":{"line":137,"column":2},"end":{"line":137,"column":2}}]},"19":{"line":152,"type":"if","locations":[{"start":{"line":152,"column":2},"end":{"line":152,"column":2}},{"start":{"line":152,"column":2},"end":{"line"
[...]
ces, \"\");","}","","// Remove white spaces from both ends of `:not()`","function trimNegationFunction(m, not) {","  return `:not(${  not.trim()  })`;","}","","// Remove white spaces around `>`, `+`, and `~`, but not `\\>`, `\\+`, and `\\~`","function trimSelectorCombinator(m, combinator, backslash) {","  if (backslash) {","    return ` ${  combinator  } `;","  }","","  return combinator;","}","","// Wring selector of ruleset","function wringSelector(selector) {","  return selector.replace(","    re.whiteSpaces,","    \" \"","  ).replace(","    re.selectorAtt,","    unquoteAttributeSelector","  ).replace(","    re.selectorFunctions,","    removeWhiteSpaces","  ).replace(","    re.selectorNegationFunction,","    trimNegationFunction","  ).replace(","    re.selectorCombinators,","    trimSelectorCombinator","  ).replace(","    re.selectorPseudoElements,","    \"$1\"","  ).replace(","    re.selectorVerboseUniversal,","    \"$1\"","  );","}","","// Check keyframe is valid or not","function isValidKeyframe(keyframe) {","  if (keyframe === \"from\" || keyframe === \"to\") {","    return true;","  }","","  keyframe = parseFloat(keyframe);","","  if (!isNaN(keyframe) && keyframe >= 0 && keyframe <= 100) {","    return true;","  }","","  return false;","}","","// Unique array element","function uniqueArray(array) {","  let i;","  let l;","  const result = [];","  let value;","","  for (i = 0, l = array.length; i < l; i++) {","    value = array[i];","","    if (result.indexOf(value) < 0) {","      result.push(value);","    }","  }","","  return result;","}","","// Remove duplicate declaration","function removeDuplicateDeclaration(decls, decl) {","  const d = `${decl.raws.before}${decl.prop}${decl.raws.between}${decl.value}`;","","  if (decls.hasOwnProperty(d)) {","    decls[d].remove();","  }","","  decls[d] = decl;","}","","// Check required `@font-face` descriptor or not","function isRequiredFontFaceDescriptor(decl) {","  const prop = decl.prop;","","  return (prop === \"src\") || (prop === \"font-family\");","}","","// Remove `@font-face` descriptor with default value","function removeDefaultFontFaceDescriptor(decl) {","  const prop = decl.prop;","  const value = decl.value;","","  if (","    (re.descriptorFontFace.test(prop) && value === \"normal\") ||","    (prop === \"unicode-range\" && re.unicodeRangeDefault.test(value)) ||","    `${prop}${value}` === \"font-weight400\"","  ) {","    decl.remove();","  }","}","","// Quote `@import` URL","function quoteImportURL(m, quote, url) {","  quote = setQuote(quote);","","  return `${quote}${url}${quote}`;","}","","// Quote `@namespace` URL","function quoteNamespaceURL(param, index, p) {","  let quote;","","  if (param === p[p.length - 1]) {","    param = param.replace(re.quotedString, \"$2\");","    quote = setQuote(RegExp.$1);","    param = `${quote}${param}${quote}`;","  }","","  return param;","}","","// Wring comment","function wringComment(removeAllComments, comment) {","  if (","    (removeAllComments || comment.text.indexOf(\"!\") !== 0) &&","    !isSourceMapAnnotation(comment)","  ) {","    comment.remove();","","    return;","  }","","  comment.raws.before = \"\";","}","","// Wring declaration","function wringDecl(preserveHacks, decl) {","  const prop = decl.prop;","","  let before = decl.raws.before;","  let between = decl.raws.between;","  let value = decl.value;","  let values;","","  if (!prop.match(re.validProp)) {","    decl.remove();","","    return;","  }","","  if (","    !preserveHacks &&","    (","      (before && before.match(re.hackSignProp) !== null) ||","      (between && between.match(re.hackPropComment) !== null)","    )","  ) {","    decl.remove();","","    return;","  }","","  if (preserveHacks && before) {","    before = before.replace(","      re.semicolons,","      \"\"","    ).replace(","      re.whiteSpaces,","      \"\"","    );","  } else {","    before = \"\";","  }","","  decl.raws.before = before;","","  if (preserveHacks && between) {","    between = between.replace(re.whiteSpaces, \"\");","  } else {","    between = \":\";","  }","","  decl.raws.between = between;","","  if (decl.important) {","    decl.raws.important = \"!important\";","  }","","  if (decl.raws.value) {","    decl.raws.value = decl.raws.value.raw.trim();","  }","","  if (prop === \"content\") {","    return;","  }","","  if (prop === \"font-family\") {","    decl.value = list.comma(value).map(unquoteFontFamily).join(\",\");","","    return;","  }","","  values = list.comma(value);","  value = values.map(wringValue.bind(null, prop)).join(\",\");","","  if (re.propertyMultipleValues.test(prop)) {","    values = list.space(value);","","    if (values.length === 4 && values[1] === values[3]) {","      values.splice(3, 1);","    }","","    if (values.length === 3 && values[0] === values[2]) {","      values.splice(2, 1);","    }","","    if (values.length === 2 && values[0] === values[1]) {","      values.splice(1, 1);","    }","","    value = values.join(\" \");","  }","","  if (prop === \"font-weight\") {","    if (value === \"normal\") {","      value = \"400\";","    } else if (value === \"bold\") {","      value = \"700\";","    }","  }","","  decl.value = value;","}","","// Wring declaration like string","function wringDeclLike(m, prop, value) {","  const decl = postcss.decl({","    prop: prop,","    value: value","  });","","  wringDecl.call(null, false, decl);","","  return `(${  decl.toString()  })`;","}","","// Wring ruleset","function wringRule(rule) {","  let decls;","  let parent;","  let selectors;","","  rule.raws.before = \"\";","  rule.raws.between = \"\";","  rule.raws.semicolon = false;","  rule.raws.after = \"\";","","  if (rule.nodes.length === 0 || rule.selector === \"\") {","    rule.remove();","","    return;","  }","","  parent = rule.parent;","  selectors = rule.selectors.map(wringSelector);","","  if (parent.type === \"atrule\" && parent.name === \"keyframes\") {","    selectors = selectors.filter(isValidKeyframe);","","    if (selectors.length === 0) {","      rule.remove();","","      return;","    }","  }","","  rule.selector = uniqueArray(selectors).join(\",\");","  decls = {};","  rule.each(removeDuplicateDeclaration.bind(null, decls));","}","","// Filter at-rule","function filterAtRule(flag, rule) {","  const name = rule.name;","  const type = rule.type;","","  if (type === \"comment\") {","    return;","  }","","  if (","    type !== \"atrule\" ||","    (name !== \"charset\" && name !== \"import\")","  ) {","    flag.filter = true;","","    return;","  }","","  if (name === \"charset\" && !flag.charset) {","    flag.charset = true;","","    return;","  }","","  if (flag.filter || (name === \"charset\" && flag.charset)) {","    rule.remove();","","    return;","  }","}","","// Wring at-rule","function wringAtRule(atRule) {","  let params;","","  atRule.raws.before = \"\";","  atRule.raws.afterName = \" \";","  atRule.raws.between = \"\";","  atRule.raws.semicolon = false;","  atRule.raws.after = \"\";","","  if (!atRule.params) {","    atRule.params = \"\";","  }","","  if (atRule.name === \"charset\") {","    return;","  }","","  if (atRule.name === \"font-face\") {","    if (atRule.nodes.filter(isRequiredFontFaceDescriptor).length < 2) {","      atRule.remove();","","      return;","    }","","    atRule.each(removeDefaultFontFaceDescriptor);","  }","","  if (atRule.nodes && atRule.nodes.length === 0) {","    atRule.remove();","","    return;","  }","","  params = atRule.params.replace(","    re.whiteSpaces,","    \" \"","  ).replace(","    re.whiteSpacesAfterSymbol,","    \"$1\"","  ).replace(","    re.whiteSpacesBeforeSymbol,","    \"$1\"","  );","","  if (atRule.name === \"import\") {","    params = params.replace(","      re.urlFunction,","      \"$1$2\"","    ).replace(","      re.quotedString,","      quoteImportURL","    );","  }","","  if (atRule.name === \"namespace\") {","    params = list.space(","      params.replace(re.urlFunction, \"$1$2\")","    ).map(quoteNamespaceURL).join(\"\");","  }","","  if (atRule.name === \"keyframes\") {","    params = params.replace(re.quotedString, \"$2\");","  }","","  if (atRule.name === \"supports\") {","    params = params.replace(re.declInParentheses, wringDeclLike);","  }","","  atRule.params = params;","","  if (","    atRule.params === \"\" ||","    params.indexOf(\"(\") === 0 ||","    params.indexOf(\"\\\"\") === 0 ||","    params.indexOf(\"'\") === 0","  ) {","    atRule.raws.afterName = \"\";","  }","}","","module.exports = postcss.plugin(pkg.name, function (opts) {","  if (!opts) {","    opts = {};","  }","","  if (!opts.preserveHacks) {","    opts.preserveHacks = false;","  }","","  if (!opts.removeAllComments) {","    opts.removeAllComments = false;","  }","","  return function (css) {","    css.raws.semicolon = false;","    css.raws.after = \"\";","    css.walkComments(wringComment.bind(null, opts.removeAllComments));","    css.walkDecls(wringDecl.bind(null, opts.preserveHacks));","    css.walkRules(wringRule);","    css.each(filterAtRule.bind(null, {","      charset: false,","      filter: false","    }));","    css.walkAtRules(wringAtRule);","","    return css;","  };","});","","module.exports.wring = function (css, opts) {","  return postcss([","    this(opts)","  ]).process(css, opts);","};",""],"l":{"3":1,"4":1,"5":1,"6":1,"7":1,"8":1,"9":1,"12":1,"13":0,"18":0,"21":0,"25":1,"26":0,"27":0,"30":0,"34":1,"35":0,"36":0,"38":0,"39":0,"42":0,"44":0,"48":0,"51":0,"52":0,"55":0,"59":1,"60":0,"62":0,"63":0,"66":0,"67":0,"69":0,"70":0,"73":0,"77":1,"78":0,"82":0,"83":1,"86":0,"87":0,"90":0,"94":1,"95":0,"97":0,"98":0,"101":0,"102":0,"105":0,"109":1,"110":0,"118":0,"121":0,"122":0,"125":0,"129":1,"130":0,"134":1,"135":0,"137":0,"138":0,"141":0,"145":1,"146":0,"148":0,"149":0,"150":0,"152":0,"153":0,"156":0,"160":1,"161":0,"168":1,"169":0,"215":1,"216":0,"218":0,"219":0,"222":0,"223":0,"225":0,"226":0,"229":0,"233":1,"234":0,"238":1,"239":0,"243":1,"244":0,"245":0,"248":0,"252":1,"253":0,"278":1,"279":0,"280":0,"283":0,"285":0,"286":0,"289":0,"293":1,"294":0,"295":0,"296":0,"297":0,"299":0,"300":0,"302":0,"303":0,"307":0,"311":1,"312":0,"314":0,"315":0,"318":0,"322":1,"323":0,"325":0,"329":1,"330":0,"331":0,"333":0,"338":0,"343":1,"344":0,"346":0,"350":1,"351":0,"353":0,"354":0,"355":0,"356":0,"359":0,"363":1,"364":0,"368":0,"370":0,"373":0,"377":1,"378":0,"380":0,"381":0,"382":0,"383":0,"385":0,"386":0,"388":0,"391":0,"398":0,"400":0,"403":0,"404":0,"412":0,"415":0,"417":0,"418":0,"420":0,"423":0,"425":0,"426":0,"429":0,"430":0,"433":0,"434":0,"437":0,"438":0,"440":0,"443":0,"444":0,"446":0,"447":0,"449":0,"450":0,"453":0,"454":0,"457":0,"458":0,"461":0,"464":0,"465":0,"466":0,"467":0,"468":0,"472":0,"476":1,"477":0,"482":0,"484":0,"488":1,"489":0,"490":0,"491":0,"493":0,"494":0,"495":0,"496":0,"498":0,"499":0,"501":0,"504":0,"505":0,"507":0,"508":0,"510":0,"511":0,"513":0,"517":0,"518":0,"519":0,"523":1,"524":0,"525":0,"527":0,"528":0,"531":0,"535":0,"537":0,"540":0,"541":0,"543":0,"546":0,"547":0,"549":0,"554":1,"555":0,"557":0,"558":0,"559":0,"560":0,"561":0,"563":0,"564":0,"567":0,"568":0,"571":0,"572":0,"573":0,"575":0,"578":0,"581":0,"582":0,"584":0,"587":0,"598":0,"599":0,"608":0,"609":0,"614":0,"615":0,"618":0,"619":0,"622":0,"624":0,"630":0,"634":1,"635":0,"636":0,"639":0,"640":0,"643":0,"644":0,"647":0,"648":0,"649":0,"650":0,"651":0,"652":0,"653":0,"657":0,"659":0,"663":1,"664":0}},"/home/travis/build/npmtest/node-npmtest-csswring/node_modules/csswring/lib/color.js":{"path":"/home/travis/build/npmtest/node-npmtest-csswring/node_modules/csswring/lib/color.js","s":{"1":1,"2":1},"b":{},"f":{},"fnMap":{},"statementMap":{"1":{"start":{"line":3,"column":0},"end":{"line":3,"column":22}},"2":{"start":{"line":5,"column":0},"end":{"line":37,"column":2}}},"branchMap":{},"code":["\"use strict\";","","const color = exports;","","color.shortest = {","  \"#f00\": \"red\",","  \"#000080\": \"navy\",","  \"#008000\": \"green\",","  \"#008080\": \"teal\",","  \"#4b0082\": \"indigo\",","  \"#800000\": \"maroon\",","  \"#800080\": \"purple\",","  \"#808000\": \"olive\",","  \"#808080\": \"gray\",","  \"#a0522d\": \"sienna\",","  \"#a52a2a\": \"brown\",","  \"#c0c0c0\": \"silver\",","  \"#cd853f\": \"peru\",","  \"#d2b48c\": \"tan\",","  \"#da70d6\": \"orchid\",","  \"#dda0dd\": \"plum\",","  \"#ee82ee\": \"violet\",","  \"#f0e68c\": \"khaki\",","  \"#f0ffff\": \"azure\",","  \"#f5deb3\": \"wheat\",","  \"#f5f5dc\": \"beige\",","  \"#fa8072\": \"salmon\",","  \"#faf0e6\": \"linen\",","  \"#ff6347\": \"tomato\",","  \"#ff7f50\": \"coral\",","  \"#ffa500\": \"orange\",","  \"#ffc0cb\": \"pink\",","  \"#ffd700\": \"gold\",","  \"#ffe4c4\": \"bisque\",","  \"#fffafa\": \"snow\",","  \"#fffff0\": \"ivory\"","};",""],"l":{"3":1,"5":1}},"/home/travis/build/npmtest/node-npmtest-csswring/node_modules/csswring/lib/regexp.js":{"path":"/home/travis/build/npmtest/node-npmtest-csswring/node_modules/csswring/lib/regexp.js","s":{"1":1,"2":1,"3":1,"4":1,"5":1,"6":1,"7":1,"8":1,"9":1,"10":1,"11":1,"12":1,"13":1,"14":1,"15":1,"16":1,"17":1,"18":1,"19":1,"20":1,"21":1,"22":1,"23":1,"24":1,"25":1,"26":1,"27":1,"28":1,"29":1,"30":1,"31":1,"32":1,"33":1,"34":1,"35":1,"36":1},"b":{},"f":{},"fnMap":{},"statementMap":{"1":{"start":{"line":3,"column":0},"end":{"line":3,"column":19}},"2":{"start":{"line":6,"column":0},"end":{"line":6,"column":43}},"3":{"start":{"line":9,"column":0},"end":{"line":9,"column":64}},"4":{"start":{"line":12,"column":0},"end":{"line":12,"column":57}},"5":{"start":{"line":15,"column":0},"end":{"line":15,"column":91}},"6":{"start":{"line":18,"column":0},"end":{"line":18,"column":53}},"7":{"start":{"line":21,"column":0},"end":{"line":21,"column":68}},"8":{"start":{"line":24,"column":0},"end":{"line":24,"column":68}},"9":{"start":{"line":27,"column":0},"end":{"line":27,"column":75}},"10":{"start":{"line":30,"column":0},"end":{"line":30,"column":31}},"11":{"start":{"line":33,"column":0},"end":{"line":33,"column":54}},"12":{"start":{"line":36,"column":0},"end":{"line":36,"column":39}},"13":{"start":{"line":39,"column":0},"end":{"line":39,"column":26}},"14":{"start":{"line":42,"column":0},"end":{"line":42,"column":17}},"15":{"start":{"line":45,"column":0},"end":{"line":45,"column":59}},"16":{"start":{"line":48,"column":0},"end":{"line":48,"column":92}},"17":{"start":{"line":51,"column":0},"end":{"line":51,"column":33}},"18":{"start":{"line":54,"column":0},"end":{"line":54,"column":78}},"19":{"start":{"line":57,"column":0},"end":{"line":57,"column":47}},"20":{"start":{"line":60,"column":0},"end":{"line":60,"column":81}},"21":{"start":{"line":63,"column":0},"end":{"line":63,"column":67}},"22":{"start":{"line":66,"column":0},"end":{"line":66,"column":73}},"23":{"start":{"line":69,"column":0},"end":{"line":69,"column":44}},"24":{"start":{"line":72,"column":0},"end":{"line":72,"column":21}},"25":{"start":{"line":75,"column":0},"end":{"line":75,"column":38}},"26":{"start":{"line":78,"column":0},"end":{"line":78,"column":49}},"27":{"start":{"line":81,"column":0},"end":{"line":81,"column":45}},"28":{"start":{"line":84,"column":0},"end":{"line":84,"column":63}},"29":{"start":{"line":87,"column":0},"end":{"line":87,"column":29}},"30":{"start":{"line":90,"column":0},"end":{"line":90,"column":46}},"31":{"start":{"line":93,"column":0},"end":{"line":93,"column":36}},"32":{"start":{"line":96,"column":0},"end":{"line":96,"column":24}},"33":{"start":{"line":97,"column":0},"end":{"line":97,"column":41}},"34":{"start":{"line":98,"column":0},"end":{"line":98,"column":42}},"35":{"start":{"line":99,"column":0},"end":{"line":99,"column":47}},"36":{"start":{"line":103,"column":0},"end":{"line":103,"column":132}}},"branchMap":{},"code":["\"use strict\";","","const re = exports;","","// 123grad","re.angle = /(^|\\s|\\(|,)([1-9]\\d*)(grad)/gi;","","// calc(1 + 1)","re.calcFunction = /(^|\\s|\\(|,)calc\\((([^()]*(\\([^()]*\\))?)*)\\)/;","","// rgb(0, 0, 0), hsl(0, 0%, 0%), rgba(0, 0, 0, 1), hsla(0, 0%, 0%, 1)","re.colorFunction = /(^|\\s|\\(|,)((?:rgb|hsl)a?\\(.*?\\))/gi;","","// #000, #000000","re.colorHex = /(^|\\s|\\(|,)#([0-9a-f])([0-9a-f])([0-9a-f])([0-9a-f])([0-9a-f])([0-9a-f])/gi;","","// rgba(0,0,0,0)","re.colorTransparent = /(^|\\s|\\(|,)rgba\\(0,0,0,0\\)/gi;","","// 0.1","re.decimalWithZeros = /(^|\\s|\\(|,)(-)?0*([1-9]\\d*)?\\.(\\d*[1-9])0*/g;","","// (top: 0)","re.declInParentheses = /\\(([-a-zA-Z]+):(([^()]*(\\([^()]*\\))?)*)\\)/g;","","// font-style, font-stretch, font-variant, font-feature-settings","re.descriptorFontFace = /^font-(style|stretch|variant|feature-settings)$/i;","","// \\(, \\)","re.escapedBraces = /\\\\([()])/g;","","// 1000Hz","re.freqEndsWithThreeZeros = /(^|\\s|\\(|,)(\\d+)000Hz/gi;","","// /**/, /*\\**/","re.hackPropComment = /\\/\\*(\\\\\\*)?\\*\\//;","","// _, *","re.hackSignProp = /[_*]$/;","","// 0","re.number = /\\d/;","","// 01","re.numberLeadingZeros = /(^|\\s|\\(|,)0+([1-9]\\d*(\\.\\d+)?)/g;","","// margin, padding, border-color, border-radius, border-spacing, border-style, border-width","re.propertyMultipleValues = /^(margin|padding|border-(color|radius|spacing|style|width))$/i;","","// \"...\", '...'","re.quotedString = /(\"|')?(.*)\\1/;","","// [class = \"foo\"], [class ~= \"foo\"], [class |= \"foo\"], [class ^= \"foo\"], [class $= \"foo\"], [class *= \"foo\"]","re.selectorAtt = /\\[\\s*(.*?)(?:\\s*([~|^$*]?=)\\s*((\"|').*\\4|.*?[^\\\\]))?\\s*\\]/g;","","// p > a, p + a, p ~ a","re.selectorCombinators = /\\s+((\\\\?)[>+~])\\s+/g;","","// :lang(ja), :nth-child(0), nth-last-child(0), nth-of-type(1n), nth-last-of-type(1n)","re.selectorFunctions = /:(lang|nth-(?:last-)?(?:child|of-type))\\((.*?[^\\\\])\\)/gi;","","// :not(a)","re.selectorNegationFunction = /:not\\((([^()]*(\\([^()]*\\))?)*)\\)/gi;","","// ::before, ::after, ::first-line, ::first-letter","re.selectorPseudoElements = /(:)\\1(?=after|before|first-(letter|line))/g;","","// *#foo, *.bar, *:link, *[baz]","re.selectorVerboseUniversal = /\\*([#.:[])/g;","","// ;","re.semicolons = /;/g;","","// ident-ifi-ers","re.sequenceOfIdentifiers = /^[\\w-]+$/;","","// 3210ms","re.timeEndsWithZero = /(^|\\s|\\(|,)(\\d{2,})0ms/gi;","","// u0-10ffff, u000000-10ffff","re.unicodeRangeDefault = /u\\+0{1,6}-10ffff/i;","","// url(a)","re.urlFunction = /(^|\\s|\\(|,)url\\((.*?[^\\\\])\\)(?=$|\\s|\\)|,)/gi;","","//  , (, ), \", '","re.urlNeedQuote = /[\\s()\"']/;","","// --valid_prop-name","re.validProp = /^-{0,2}[^!-,./:-@[-^`{-~]+$/i;","","// var(--custom-prop-name)","re.varFunction = /^var\\([\\w-]+\\)$/i;","","//  , \\t, \\r, \\n","re.whiteSpaces = /\\s+/g;","re.whiteSpacesAfterSymbol = /([(,:])\\s/g;","re.whiteSpacesBeforeSymbol = /\\s([),:])/g;","re.whiteSpacesBothEndsOfSymbol = /\\s([*/])\\s/g;","","// 0%, 0ch, 0cm, 0deg, 0dpcm, 0dpi, 0dppx, 0em, 0ex, 0grad, 0Hz, 0in, 0kHz, 0mm,","// 0ms, 0pc, 0pt, 0px, 0rad, 0rem, 0s, 0turn, 0vh, 0vmax, 0vmin, 0vw","re.zeroValueUnit = /(^|\\s|\\(|,)(0)(%|ch|cm|deg|dpcm|dpi|dppx|em|ex|grad|Hz|in|kHz|mm|ms|pc|pt|px|rad|rem|s|turn|vh|vmax|vmin|vw)/gi;",""],"l":{"3":1,"6":1,"9":1,"12":1,"15":1,"18":1,"21":1,"24":1,"27":1,"30":1,"33":1,"36":1,"39":1,"42":1,"45":1,"48":1,"51":1,"54":1,"57":1,"60":1,"63":1,"66":1,"69":1,"72":1,"75":1,"78":1,"81":1,"84":1,"87":1,"90":1,"93":1,"96":1,"97":1,"98":1,"99":1,"103":1}},"/home/travis/build/npmtest/node-npmtest-csswring/node_modules/csswring/lib/unit.js":{"path":"/home/travis/build/npmtest/node-npmtest-csswring/node_modules/csswring/lib/unit.js","s":{"1":1,"2":1},"b":{},"f":{},"fnMap":{},"statementMap":{"1":{"start":{"line":3,"column":0},"end":{"line":3,"column":21}},"2":{"start":{"line":5,"column":0},"end":{"line":17,"column":2}}},"branchMap":{},"code":["\"use strict\";","","const unit = exports;","","unit.forZero = {","  \"deg\": \"deg\",","  \"dpcm\": \"dpi\",","  \"dpi\": \"dpi\",","  \"dppx\": \"dpi\",","  \"grad\": \"deg\",","  \"Hz\": \"Hz\",","  \"kHz\": \"Hz\",","  \"ms\": \"s\",","  \"rad\": \"deg\",","  \"s\": \"s\",","  \"turn\": \"deg\"","};",""],"l":{"3":1,"5":1}}}